<?xml version="1.0" encoding="UTF-8"?>
<!-- Generated by org.testng.reporters.JUnitReportReporter -->
<testsuite hostname="AMX-RL-20-457-W" failures="0" tests="1" name="icivics_testcases.Googlesignon_Test" time="58.347" errors="0" timestamp="2022-07-13T18:37:42 IST" skipped="0">
  <testcase classname="icivics_testcases.Googlesignon_Test" name="C542_verifyentercredentailsasstudent" time="58.347"/>
  <system-out/>
</testsuite> <!-- icivics_testcases.Googlesignon_Test -->
