<?xml version="1.0" encoding="UTF-8"?>
<!-- Generated by org.testng.reporters.JUnitReportReporter -->
<testsuite hostname="AMX-RL-20-457-W" failures="0" tests="1" name="icivics_testcases.Icivics_Homepagecourtquest_Test" time="38.154" errors="0" timestamp="2022-06-03T12:20:08 IST" skipped="0">
  <testcase classname="icivics_testcases.Icivics_Homepagecourtquest_Test" name="C12_verifytextisunderlined" time="38.154"/>
  <system-out/>
</testsuite> <!-- icivics_testcases.Icivics_Homepagecourtquest_Test -->
