<?xml version="1.0" encoding="UTF-8"?>
<!-- Generated by org.testng.reporters.JUnitReportReporter -->
<testsuite skipped="0" hostname="AMX-RL-20-348-W" name="icivics_testcases.I35_HP_4HeaderAbout_Test" tests="4" failures="0" timestamp="2022-07-08T01:34:04 IST" time="172.615" errors="0">
  <testcase name="C22_Verifyaboutsubmenu" time="17.336" classname="icivics_testcases.I35_HP_4HeaderAbout_Test"/>
  <system-out/>
  <testcase name="C23_Verifysubmenucount" time="24.701" classname="icivics_testcases.I35_HP_4HeaderAbout_Test"/>
  <system-out/>
  <testcase name="C24_VerifysubmenuElement" time="112.513" classname="icivics_testcases.I35_HP_4HeaderAbout_Test"/>
  <system-out/>
  <testcase name="C27_Verifyclickaboutbuttonagain" time="18.065" classname="icivics_testcases.I35_HP_4HeaderAbout_Test"/>
  <system-out/>
</testsuite> <!-- icivics_testcases.I35_HP_4HeaderAbout_Test -->
