<?xml version="1.0" encoding="UTF-8"?>
<!-- Generated by org.testng.reporters.JUnitReportReporter -->
<testsuite skipped="3" hostname="AMX-RL-20-348-W" name="icivics_testcases.I20_StudentRegistration1classcode_Test" tests="14" failures="0" timestamp="2022-07-08T01:34:04 IST" time="284.661" errors="0">
  <testcase name="C425_verifyemailfieldsappear" time="10.023" classname="icivics_testcases.I20_StudentRegistration1classcode_Test"/>
  <system-out/>
  <testcase name="C426_verifyemailtooltips" time="13.748" classname="icivics_testcases.I20_StudentRegistration1classcode_Test"/>
  <system-out/>
  <testcase name="C427_verifyemailfieldsdisappear" time="34.242" classname="icivics_testcases.I20_StudentRegistration1classcode_Test"/>
  <system-out/>
  <testcase name="C428_verifyusernamepregenerated" time="13.005" classname="icivics_testcases.I20_StudentRegistration1classcode_Test"/>
  <system-out/>
  <testcase name="C429_usernamegeneratedrandomly" time="20.561" classname="icivics_testcases.I20_StudentRegistration1classcode_Test"/>
  <system-out/>
  <testcase name="C430_verifyregistrationwithvaliddata" time="15.070" classname="icivics_testcases.I20_StudentRegistration1classcode_Test">
    <skipped/>
  </testcase> <!-- C430_verifyregistrationwithvaliddata -->
  <system-out/>
  <testcase name="C430_verifyregistrationwithvaliddata" time="8.704" classname="icivics_testcases.I20_StudentRegistration1classcode_Test">
    <skipped/>
  </testcase> <!-- C430_verifyregistrationwithvaliddata -->
  <system-out/>
  <testcase name="C430_verifyregistrationwithvaliddata" time="20.184" classname="icivics_testcases.I20_StudentRegistration1classcode_Test"/>
  <system-out/>
  <testcase name="C430_verifyregistrationwithvaliddata" time="8.331" classname="icivics_testcases.I20_StudentRegistration1classcode_Test">
    <skipped/>
  </testcase> <!-- C430_verifyregistrationwithvaliddata -->
  <system-out/>
  <testcase name="C431_verifyAsteriks" time="12.090" classname="icivics_testcases.I20_StudentRegistration1classcode_Test"/>
  <system-out/>
  <testcase name="C432_verifyinvaliderrormsg" time="25.088" classname="icivics_testcases.I20_StudentRegistration1classcode_Test"/>
  <system-out/>
  <testcase name="C433_verifyerrormsgverifyemailblankfield" time="70.820" classname="icivics_testcases.I20_StudentRegistration1classcode_Test"/>
  <system-out/>
  <testcase name="C434_verifyinvaliderrormsg2" time="14.429" classname="icivics_testcases.I20_StudentRegistration1classcode_Test"/>
  <system-out/>
  <testcase name="C435_verifyregistrationwithvalidvalue" time="18.366" classname="icivics_testcases.I20_StudentRegistration1classcode_Test"/>
  <system-out/>
</testsuite> <!-- icivics_testcases.I20_StudentRegistration1classcode_Test -->
