<?xml version="1.0" encoding="UTF-8"?>
<!-- Generated by org.testng.reporters.JUnitReportReporter -->
<testsuite hostname="AMX-RL-20-439-W" failures="0" tests="1" name="enfamil.testcases.SCE34_Contactus" time="96.584" errors="0" timestamp="25 Oct 2021 05:14:18 GMT" skipped="0">
  <testcase classname="enfamil.testcases.SCE34_Contactus" name="SCE34_ContactUs" time="96.584"/>
</testsuite> <!-- enfamil.testcases.SCE34_Contactus -->
