<?xml version="1.0" encoding="UTF-8"?>
<!-- Generated by org.testng.reporters.JUnitReportReporter -->
<testsuite hostname="AMX-RL-20-348-W" failures="0" tests="5" name="icivics_testcases.Icivics15_HP_2Headerplay_Test" time="404.112" errors="0" timestamp="2022-07-05T21:21:19 IST" skipped="0">
  <testcase classname="icivics_testcases.Icivics15_HP_2Headerplay_Test" name="C8_Verifyplaysubmenu" time="5.827"/>
  <system-out/>
  <testcase classname="icivics_testcases.Icivics15_HP_2Headerplay_Test" name="C9_Verifyplaybuttonlist" time="9.111"/>
  <system-out/>
  <testcase classname="icivics_testcases.Icivics15_HP_2Headerplay_Test" name="C10_Verifyplaybuttonelements" time="109.067"/>
  <system-out/>
  <testcase classname="icivics_testcases.Icivics15_HP_2Headerplay_Test" name="C12_Verifypageisunderlined" time="272.912"/>
  <system-out/>
  <testcase classname="icivics_testcases.Icivics15_HP_2Headerplay_Test" name="C13_Verifyclickonplaybuttonagain" time="7.195"/>
  <system-out/>
</testsuite> <!-- icivics_testcases.Icivics15_HP_2Headerplay_Test -->
