<?xml version="1.0" encoding="UTF-8"?>
<!-- Generated by org.testng.reporters.JUnitReportReporter -->
<testsuite hostname="AMX-RL-20-348-W" failures="0" tests="1" name="icivics_testcases.I13_EducatorRegistration3_Test" time="18.737" errors="0" timestamp="2022-07-08T00:25:11 IST" skipped="0">
  <testcase classname="icivics_testcases.I13_EducatorRegistration3_Test" name="C355_verifyallfieldswithblankfield" time="18.737"/>
  <system-out/>
</testsuite> <!-- icivics_testcases.I13_EducatorRegistration3_Test -->
