<?xml version="1.0" encoding="UTF-8"?>
<!-- Generated by org.testng.reporters.JUnitReportReporter -->
<testsuite hostname="AMX-RL-20-348-W" failures="0" tests="9" name="icivics_testcases.Icivics20_HP_5HeaderSigninMisc_Test" time="96.108" errors="0" timestamp="2022-07-05T21:21:19 IST" skipped="0">
  <testcase classname="icivics_testcases.Icivics20_HP_5HeaderSigninMisc_Test" name="C29_Verifydonatebutton" time="4.177"/>
  <system-out/>
  <testcase classname="icivics_testcases.Icivics20_HP_5HeaderSigninMisc_Test" name="C30_Verifydonatebuttonclick" time="12.449"/>
  <system-out/>
  <testcase classname="icivics_testcases.Icivics20_HP_5HeaderSigninMisc_Test" name="C31_Verifyshopbutton" time="4.744"/>
  <system-out/>
  <testcase classname="icivics_testcases.Icivics20_HP_5HeaderSigninMisc_Test" name="C32_Verifyshopbuttonclick" time="7.852"/>
  <system-out/>
  <testcase classname="icivics_testcases.Icivics20_HP_5HeaderSigninMisc_Test" name="C33_Verifysigninbuttonforanonymoususer" time="4.250"/>
  <system-out/>
  <testcase classname="icivics_testcases.Icivics20_HP_5HeaderSigninMisc_Test" name="C37_Verifysigninbuttonsubmenu" time="5.182"/>
  <system-out/>
  <testcase classname="icivics_testcases.Icivics20_HP_5HeaderSigninMisc_Test" name="C38_Verifysigninbuttonsubmenu" time="12.921"/>
  <system-out/>
  <testcase classname="icivics_testcases.Icivics20_HP_5HeaderSigninMisc_Test" name="C41_Verifysubmenuoptionisunderlined" time="39.426"/>
  <system-out/>
  <testcase classname="icivics_testcases.Icivics20_HP_5HeaderSigninMisc_Test" name="C42_Verifysubmenuoptionisunderlined" time="5.107"/>
  <system-out/>
</testsuite> <!-- icivics_testcases.Icivics20_HP_5HeaderSigninMisc_Test -->
