<?xml version="1.0" encoding="UTF-8"?>
<!-- Generated by org.testng.reporters.JUnitReportReporter -->
<testsuite hostname="AMX-RL-20-457-W" failures="0" tests="1" name="icivics_testcases.Pg3TeacherRegistration_Test" time="87.416" errors="0" timestamp="2022-07-18T21:22:31 IST" skipped="0">
  <testcase classname="icivics_testcases.Pg3TeacherRegistration_Test" name="C555_Verifygettingstartedpagewithemailcheck" time="87.416"/>
  <system-out/>
</testsuite> <!-- icivics_testcases.Pg3TeacherRegistration_Test -->
