<?xml version="1.0" encoding="UTF-8"?>
<!-- Generated by org.testng.reporters.JUnitReportReporter -->
<testsuite hostname="AMX-RL-20-608-W" failures="0" tests="13" name="icivics_testcases.Icivics_StudentRegistration2Email_Test" time="214.585" errors="0" timestamp="2022-06-20T14:26:17 IST" skipped="0">
  <testcase classname="icivics_testcases.Icivics_StudentRegistration2Email_Test" name="C398_verifypagecount2" time="9.418"/>
  <system-out/>
  <testcase classname="icivics_testcases.Icivics_StudentRegistration2Email_Test" name="C399_Clickbackbutton" time="16.291"/>
  <system-out/>
  <testcase classname="icivics_testcases.Icivics_StudentRegistration2Email_Test" name="C400_verifyfieldsisremembered" time="13.067"/>
  <system-out/>
  <testcase classname="icivics_testcases.Icivics_StudentRegistration2Email_Test" name="C403_clickontermsofuselink" time="35.158"/>
  <system-out/>
  <testcase classname="icivics_testcases.Icivics_StudentRegistration2Email_Test" name="C404_clickprivacypolicy" time="34.930"/>
  <system-out/>
  <testcase classname="icivics_testcases.Icivics_StudentRegistration2Email_Test" name="C405_verifypage2SignUpforEmailsfield" time="10.175"/>
  <system-out/>
  <testcase classname="icivics_testcases.Icivics_StudentRegistration2Email_Test" name="C408_hoveronpwdfield" time="9.684"/>
  <system-out/>
  <testcase classname="icivics_testcases.Icivics_StudentRegistration2Email_Test" name="C409_VerifyPasswordstrengthmeter" time="12.411"/>
  <system-out/>
  <testcase classname="icivics_testcases.Icivics_StudentRegistration2Email_Test" name="C410_VerifyPasswordindicatormatch" time="10.083"/>
  <system-out/>
  <testcase classname="icivics_testcases.Icivics_StudentRegistration2Email_Test" name="C412_verifyenterinvaliddata" time="14.371"/>
  <system-out/>
  <testcase classname="icivics_testcases.Icivics_StudentRegistration2Email_Test" name="C412_verifytermsofuseandprivacycheckbox" time="12.723"/>
  <system-out/>
  <testcase classname="icivics_testcases.Icivics_StudentRegistration2Email_Test" name="C413_verifyblankerrormsg" time="16.839"/>
  <system-out/>
  <testcase classname="icivics_testcases.Icivics_StudentRegistration2Email_Test" name="C414_verifypage3loaded" time="19.435"/>
  <system-out/>
</testsuite> <!-- icivics_testcases.Icivics_StudentRegistration2Email_Test -->
