<?xml version="1.0" encoding="UTF-8"?>
<!-- Generated by org.testng.reporters.JUnitReportReporter -->
<testsuite hostname="AMX-RL-20-457-W" failures="0" tests="1" name="icivics_testcases.GoogleRegistration_Test" time="42.283" errors="0" timestamp="2022-07-20T17:48:52 IST" skipped="0">
  <testcase classname="icivics_testcases.GoogleRegistration_Test" name="C544_Verifystudentregistrationpage1" time="42.283"/>
  <system-out/>
</testsuite> <!-- icivics_testcases.GoogleRegistration_Test -->
