<?xml version="1.0" encoding="UTF-8"?>
<!-- Generated by org.testng.reporters.JUnitReportReporter -->
<testsuite hostname="AMX-RL-20-348-W" failures="0" tests="1" name="icivics_testcases.I20_StudentRegistration1classcode_Test" time="52.066" errors="0" timestamp="2022-07-07T18:42:41 IST" skipped="0">
  <testcase classname="icivics_testcases.I20_StudentRegistration1classcode_Test" name="C433_verifyerrormsgverifyemailblankfield" time="52.066"/>
  <system-out/>
</testsuite> <!-- icivics_testcases.I20_StudentRegistration1classcode_Test -->
