<?xml version="1.0" encoding="UTF-8"?>
<!-- Generated by org.testng.reporters.JUnitReportReporter -->
<testsuite skipped="0" hostname="AMX-RL-20-348-W" name="icivics_testcases.I11_EducatorRegistration1_Test" tests="11" failures="0" timestamp="2022-07-08T01:34:04 IST" time="233.840" errors="0">
  <testcase name="C327_verifybreadcrumbspage1" time="13.518" classname="icivics_testcases.I11_EducatorRegistration1_Test"/>
  <system-out/>
  <testcase name="C328_verifytextfields" time="15.405" classname="icivics_testcases.I11_EducatorRegistration1_Test"/>
  <system-out/>
  <testcase name="C329_verifyusernamepregenerated" time="16.087" classname="icivics_testcases.I11_EducatorRegistration1_Test"/>
  <system-out/>
  <testcase name="C330_verifyusernamepregeneratedrandomly" time="24.164" classname="icivics_testcases.I11_EducatorRegistration1_Test"/>
  <system-out/>
  <testcase name="C331_verifyentertextinallfields" time="12.766" classname="icivics_testcases.I11_EducatorRegistration1_Test"/>
  <system-out/>
  <testcase name="C332_verifyfieldsmarkedwithanasterisk" time="13.456" classname="icivics_testcases.I11_EducatorRegistration1_Test"/>
  <system-out/>
  <testcase name="C333_verifyemailtooltips" time="16.730" classname="icivics_testcases.I11_EducatorRegistration1_Test"/>
  <system-out/>
  <testcase name="C334_verifyemailerrormsg" time="20.375" classname="icivics_testcases.I11_EducatorRegistration1_Test"/>
  <system-out/>
  <testcase name="C335_verifyblankerrormsg" time="55.902" classname="icivics_testcases.I11_EducatorRegistration1_Test"/>
  <system-out/>
  <testcase name="C336_verifyinvaliderrormsg" time="19.827" classname="icivics_testcases.I11_EducatorRegistration1_Test"/>
  <system-out/>
  <testcase name="C337_verifyvalidregistration" time="25.610" classname="icivics_testcases.I11_EducatorRegistration1_Test"/>
  <system-out/>
</testsuite> <!-- icivics_testcases.I11_EducatorRegistration1_Test -->
