<?xml version="1.0" encoding="UTF-8"?>
<!-- Generated by org.testng.reporters.JUnitReportReporter -->
<testsuite hostname="AMX-RL-20-457-W" failures="0" tests="1" name="testcases.Icivics_EducatorRegistration2_Test" time="68.686" errors="0" timestamp="04 May 2022 08:24:13 GMT" skipped="0">
  <testcase classname="testcases.Icivics_EducatorRegistration2_Test" name="educatorregistration2" time="68.686"/>
</testsuite> <!-- testcases.Icivics_EducatorRegistration2_Test -->
