<?xml version="1.0" encoding="UTF-8"?>
<!-- Generated by org.testng.reporters.JUnitReportReporter -->
<testsuite hostname="AMX-RL-20-348-W" failures="0" tests="14" name="icivics_testcases.Icivics5_EducatorRegistration4_Test" time="350.577" errors="0" timestamp="2022-07-05T21:21:19 IST" skipped="0">
  <testcase classname="icivics_testcases.Icivics5_EducatorRegistration4_Test" name="C358_verifybreadcrumbspage4" time="21.929"/>
  <system-out/>
  <testcase classname="icivics_testcases.Icivics5_EducatorRegistration4_Test" name="C359_verifypreviouspage" time="25.131"/>
  <system-out/>
  <testcase classname="icivics_testcases.Icivics5_EducatorRegistration4_Test" name="C360_verifyalldataremembered" time="24.609"/>
  <system-out/>
  <testcase classname="icivics_testcases.Icivics5_EducatorRegistration4_Test" name="C361_verifyallpage3fields" time="23.225"/>
  <system-out/>
  <testcase classname="icivics_testcases.Icivics5_EducatorRegistration4_Test" name="C362_verifySignUpischecked" time="22.593"/>
  <system-out/>
  <testcase classname="icivics_testcases.Icivics5_EducatorRegistration4_Test" name="C363_verifyallpage4fields" time="35.551"/>
  <system-out/>
  <testcase classname="icivics_testcases.Icivics5_EducatorRegistration4_Test" name="C364_verifyallfieldasterisk" time="24.505"/>
  <system-out/>
  <testcase classname="icivics_testcases.Icivics5_EducatorRegistration4_Test" name="C365_verifypasswordtooltips" time="22.908"/>
  <system-out/>
  <testcase classname="icivics_testcases.Icivics5_EducatorRegistration4_Test" name="C366_verifypasswordstrengthIndicator" time="22.669"/>
  <system-out/>
  <testcase classname="icivics_testcases.Icivics5_EducatorRegistration4_Test" name="C367_verifypasswordIndicatormatch" time="22.625"/>
  <system-out/>
  <testcase classname="icivics_testcases.Icivics5_EducatorRegistration4_Test" name="C368_verifyallfieldswithinvaliddata" time="25.479"/>
  <system-out/>
  <testcase classname="icivics_testcases.Icivics5_EducatorRegistration4_Test" name="C369_verifyallfieldswithblankdata" time="23.630"/>
  <system-out/>
  <testcase classname="icivics_testcases.Icivics5_EducatorRegistration4_Test" name="C370_verifyallfieldswithblankandinvaliddata" time="25.436"/>
  <system-out/>
  <testcase classname="icivics_testcases.Icivics5_EducatorRegistration4_Test" name="C371_verifyvalidsubmission" time="30.287"/>
  <system-out/>
</testsuite> <!-- icivics_testcases.Icivics5_EducatorRegistration4_Test -->
