<?xml version="1.0" encoding="UTF-8"?>
<!-- Generated by org.testng.reporters.JUnitReportReporter -->
<testsuite skipped="3" hostname="AMX-RL-20-348-W" name="icivics_testcases.I12_EducatorRegistration2_Test" tests="13" failures="0" timestamp="2022-07-08T01:34:04 IST" time="354.884" errors="0">
  <testcase name="C338_verifybreadcrumbspage1" time="17.727" classname="icivics_testcases.I12_EducatorRegistration2_Test"/>
  <system-out/>
  <testcase name="C339_verifypreviouspage" time="28.789" classname="icivics_testcases.I12_EducatorRegistration2_Test"/>
  <system-out/>
  <testcase name="C340_verifyalldataremembered" time="25.568" classname="icivics_testcases.I12_EducatorRegistration2_Test"/>
  <system-out/>
  <testcase name="C341_verifyRoleandGradeLevel" time="30.381" classname="icivics_testcases.I12_EducatorRegistration2_Test"/>
  <system-out/>
  <testcase name="C342_verifymakeselection" time="31.618" classname="icivics_testcases.I12_EducatorRegistration2_Test"/>
  <system-out/>
  <testcase name="C343_verifyotheradditionalfield" time="13.334" classname="icivics_testcases.I12_EducatorRegistration2_Test">
    <skipped/>
  </testcase> <!-- C343_verifyotheradditionalfield -->
  <system-out/>
  <testcase name="C343_verifyotheradditionalfield" time="19.719" classname="icivics_testcases.I12_EducatorRegistration2_Test"/>
  <system-out/>
  <testcase name="C344_verifyasterisk" time="18.443" classname="icivics_testcases.I12_EducatorRegistration2_Test"/>
  <system-out/>
  <testcase name="C345_verifyblankerrormsg" time="58.344" classname="icivics_testcases.I12_EducatorRegistration2_Test"/>
  <system-out/>
  <testcase name="C345_verifyblankerrormsg" time="10.046" classname="icivics_testcases.I12_EducatorRegistration2_Test">
    <skipped/>
  </testcase> <!-- C345_verifyblankerrormsg -->
  <system-out/>
  <testcase name="C346_verifyerrormsgboxcolor" time="32.341" classname="icivics_testcases.I12_EducatorRegistration2_Test"/>
  <system-out/>
  <testcase name="C346_verifyerrormsgboxcolor" time="24.089" classname="icivics_testcases.I12_EducatorRegistration2_Test">
    <skipped/>
  </testcase> <!-- C346_verifyerrormsgboxcolor -->
  <system-out/>
  <testcase name="C347_verifyvalidsubmission" time="44.485" classname="icivics_testcases.I12_EducatorRegistration2_Test"/>
  <system-out/>
</testsuite> <!-- icivics_testcases.I12_EducatorRegistration2_Test -->
