<?xml version="1.0" encoding="UTF-8"?>
<!-- Generated by org.testng.reporters.JUnitReportReporter -->
<testsuite hostname="AMX-RL-20-457-W" failures="0" tests="9" name="icivics_testcases.Icivics_HomepageHeaderSigninMisc_Test" time="159.991" errors="0" timestamp="2022-06-28T21:14:14 IST" skipped="0">
  <testcase classname="icivics_testcases.Icivics_HomepageHeaderSigninMisc_Test" name="C29_Verifydonatebutton" time="11.333"/>
  <system-out/>
  <testcase classname="icivics_testcases.Icivics_HomepageHeaderSigninMisc_Test" name="C30_Verifydonatebuttonclick" time="25.413"/>
  <system-out/>
  <testcase classname="icivics_testcases.Icivics_HomepageHeaderSigninMisc_Test" name="C31_Verifyshopbutton" time="10.534"/>
  <system-out/>
  <testcase classname="icivics_testcases.Icivics_HomepageHeaderSigninMisc_Test" name="C32_Verifyshopbuttonclick" time="12.559"/>
  <system-out/>
  <testcase classname="icivics_testcases.Icivics_HomepageHeaderSigninMisc_Test" name="C33_Verifysigninbuttonforanonymoususer" time="8.232"/>
  <system-out/>
  <testcase classname="icivics_testcases.Icivics_HomepageHeaderSigninMisc_Test" name="C37_Verifysigninbuttonsubmenu" time="9.867"/>
  <system-out/>
  <testcase classname="icivics_testcases.Icivics_HomepageHeaderSigninMisc_Test" name="C38_Verifysigninbuttonsubmenu" time="22.606"/>
  <system-out/>
  <testcase classname="icivics_testcases.Icivics_HomepageHeaderSigninMisc_Test" name="C41_Verifysubmenuoptionisunderlined" time="49.514"/>
  <system-out/>
  <testcase classname="icivics_testcases.Icivics_HomepageHeaderSigninMisc_Test" name="C42_Verifysubmenuoptionisunderlined" time="9.933"/>
  <system-out/>
</testsuite> <!-- icivics_testcases.Icivics_HomepageHeaderSigninMisc_Test -->
