<?xml version="1.0" encoding="UTF-8"?>
<!-- Generated by org.testng.reporters.JUnitReportReporter -->
<testsuite hostname="AMX-RL-20-348-W" failures="0" tests="6" name="icivics_testcases.Icivics14_HP_1TeacherHeader_Test" time="350.992" errors="0" timestamp="2022-07-07T13:58:42 IST" skipped="0">
  <testcase classname="icivics_testcases.Icivics14_HP_1TeacherHeader_Test" name="C3_Verifyheaderbuttonsforanonymoususer" time="10.084"/>
  <system-out/>
  <testcase classname="icivics_testcases.Icivics14_HP_1TeacherHeader_Test" name="C3_Verifyheaderbuttonsforauthenticateduser" time="12.503"/>
  <system-out/>
  <testcase classname="icivics_testcases.Icivics14_HP_1TeacherHeader_Test" name="C4_Verifyheaderelemets" time="154.807"/>
  <system-out/>
  <testcase classname="icivics_testcases.Icivics14_HP_1TeacherHeader_Test" name="C6_Verifyheaderbuttonhoverforanonymoususer" time="73.823"/>
  <system-out/>
  <testcase classname="icivics_testcases.Icivics14_HP_1TeacherHeader_Test" name="C6_verifyaheaderbuttonhoverforauthenticateduser" time="66.457"/>
  <system-out/>
  <testcase classname="icivics_testcases.Icivics14_HP_1TeacherHeader_Test" name="C7_verifyresizeheaderintohamburger" time="33.318"/>
  <system-out/>
</testsuite> <!-- icivics_testcases.Icivics14_HP_1TeacherHeader_Test -->
