<?xml version="1.0" encoding="UTF-8"?>
<!-- Generated by org.testng.reporters.JUnitReportReporter -->
<testsuite hostname="AMX-RL-20-439-W" failures="0" tests="1" name="enfamil.testcases.SCE50_StoreLocator" time="13.547" errors="0" timestamp="01 Oct 2021 14:02:43 GMT" skipped="0">
  <testcase classname="enfamil.testcases.SCE50_StoreLocator" name="SCE50_Storelocator" time="13.547"/>
</testsuite> <!-- enfamil.testcases.SCE50_StoreLocator -->
