<?xml version="1.0" encoding="UTF-8"?>
<!-- Generated by org.testng.reporters.JUnitReportReporter -->
<testsuite hostname="AMX-RL-20-457-W" failures="0" tests="5" name="icivics_testcases.I32_HP_2Headerplay_Test" time="1014.928" errors="0" timestamp="2022-07-08T17:47:32 IST" skipped="0">
  <testcase classname="icivics_testcases.I32_HP_2Headerplay_Test" name="C8_Verifyplaysubmenu" time="14.035"/>
  <system-out/>
  <testcase classname="icivics_testcases.I32_HP_2Headerplay_Test" name="C9_Verifyplaybuttonlist" time="50.036"/>
  <system-out/>
  <testcase classname="icivics_testcases.I32_HP_2Headerplay_Test" name="C10_Verifyplaybuttonelements" time="578.722"/>
  <system-out/>
  <testcase classname="icivics_testcases.I32_HP_2Headerplay_Test" name="C12_Verifypageisunderlined" time="359.518"/>
  <system-out/>
  <testcase classname="icivics_testcases.I32_HP_2Headerplay_Test" name="C13_Verifyclickonplaybuttonagain" time="12.617"/>
  <system-out/>
</testsuite> <!-- icivics_testcases.I32_HP_2Headerplay_Test -->
