<?xml version="1.0" encoding="UTF-8"?>
<!-- Generated by org.testng.reporters.JUnitReportReporter -->
<testsuite skipped="0" hostname="AMX-RL-20-348-W" name="icivics_testcases.I34_HP_3Headerteach2_Test" tests="1" failures="0" timestamp="2022-07-08T01:34:04 IST" time="105.421" errors="0">
  <testcase name="C19_Verifyteachsubmenu" time="105.421" classname="icivics_testcases.I34_HP_3Headerteach2_Test"/>
  <system-out/>
</testsuite> <!-- icivics_testcases.I34_HP_3Headerteach2_Test -->
