<?xml version="1.0" encoding="UTF-8"?>
<!-- Generated by org.testng.reporters.JUnitReportReporter -->
<testsuite hostname="AMX-RL-20-457-W" failures="0" tests="13" name="icivics_testcases.I21_StudentRegistration1Email_Test" time="591.850" errors="0" timestamp="2022-07-08T17:47:32 IST" skipped="0">
  <testcase classname="icivics_testcases.I21_StudentRegistration1Email_Test" name="C383_Verifybreadcrumbs" time="30.862"/>
  <system-out/>
  <testcase classname="icivics_testcases.I21_StudentRegistration1Email_Test" name="C384_Verifybreadcrumbspage" time="25.158"/>
  <system-out/>
  <testcase classname="icivics_testcases.I21_StudentRegistration1Email_Test" name="C385_Verifyvideolink" time="103.376"/>
  <system-out/>
  <testcase classname="icivics_testcases.I21_StudentRegistration1Email_Test" name="C387_verifytextfields" time="39.681"/>
  <system-out/>
  <testcase classname="icivics_testcases.I21_StudentRegistration1Email_Test" name="C388_verifyusernamepregenerated" time="33.729"/>
  <system-out/>
  <testcase classname="icivics_testcases.I21_StudentRegistration1Email_Test" name="C389_verifyusernamepregeneratedrandomly" time="37.744"/>
  <system-out/>
  <testcase classname="icivics_testcases.I21_StudentRegistration1Email_Test" name="C390_verifyentertextinallfields" time="32.530"/>
  <system-out/>
  <testcase classname="icivics_testcases.I21_StudentRegistration1Email_Test" name="C391_verifyfieldsmarkedwithanasterisk" time="36.818"/>
  <system-out/>
  <testcase classname="icivics_testcases.I21_StudentRegistration1Email_Test" name="C392_verifyemailtooltips" time="28.589"/>
  <system-out/>
  <testcase classname="icivics_testcases.I21_StudentRegistration1Email_Test" name="C393_verifyemailerrormsg" time="42.466"/>
  <system-out/>
  <testcase classname="icivics_testcases.I21_StudentRegistration1Email_Test" name="C394_verifyblankerrormsg" time="103.119"/>
  <system-out/>
  <testcase classname="icivics_testcases.I21_StudentRegistration1Email_Test" name="C396_verifyvalidregistration" time="49.034"/>
  <system-out/>
  <testcase classname="icivics_testcases.I21_StudentRegistration1Email_Test" name="C397_Verifyclasscodelink" time="28.744"/>
  <system-out/>
</testsuite> <!-- icivics_testcases.I21_StudentRegistration1Email_Test -->
