<?xml version="1.0" encoding="UTF-8"?>
<!-- Generated by org.testng.reporters.JUnitReportReporter -->
<testsuite hostname="AMX-RL-20-457-W" failures="0" tests="1" name="icivics_testcases.Pg1TeacherRegistration_Test" time="52.313" errors="0" timestamp="2022-07-14T20:12:39 IST" skipped="0">
  <testcase classname="icivics_testcases.Pg1TeacherRegistration_Test" name="C550_Verifyenterwithvaliddata" time="52.313"/>
  <system-out/>
</testsuite> <!-- icivics_testcases.Pg1TeacherRegistration_Test -->
