<?xml version="1.0" encoding="UTF-8"?>
<!-- Generated by org.testng.reporters.JUnitReportReporter -->
<testsuite hostname="AMX-RL-20-348-W" failures="0" tests="6" name="icivics_testcases.I10_EducatorRegistration_Test" time="269.410" errors="0" timestamp="2022-07-07T18:40:07 IST" skipped="0">
  <testcase classname="icivics_testcases.I10_EducatorRegistration_Test" name="C321_VerifyallpageElements" time="18.813"/>
  <system-out/>
  <testcase classname="icivics_testcases.I10_EducatorRegistration_Test" name="C322_ButtonHover" time="29.292"/>
  <system-out/>
  <testcase classname="icivics_testcases.I10_EducatorRegistration_Test" name="C323_Verifyallbuttonlinks" time="191.408"/>
  <system-out/>
  <testcase classname="icivics_testcases.I10_EducatorRegistration_Test" name="C324_WindowResize" time="14.182"/>
  <system-out/>
  <testcase classname="icivics_testcases.I10_EducatorRegistration_Test" name="C325_Verifyerrormsg" time="8.254"/>
  <system-out/>
  <testcase classname="icivics_testcases.I10_EducatorRegistration_Test" name="C326_Verifybreadcrumbs" time="7.461"/>
  <system-out/>
</testsuite> <!-- icivics_testcases.I10_EducatorRegistration_Test -->
