<?xml version="1.0" encoding="UTF-8"?>
<!-- Generated by org.testng.reporters.JUnitReportReporter -->
<testsuite hostname="AMX-RL-20-457-W" failures="0" tests="3" name="icivics_testcases.Googlestudentregistration_Test" time="156.765" errors="0" timestamp="2022-07-21T13:59:04 IST" skipped="0">
  <testcase classname="icivics_testcases.Googlestudentregistration_Test" name="C558_Verifyerrormsg" time="52.252"/>
  <system-out/>
  <testcase classname="icivics_testcases.Googlestudentregistration_Test" name="C557_Verifyagreetotermsandconditionfield" time="42.660"/>
  <system-out/>
  <testcase classname="icivics_testcases.Googlestudentregistration_Test" name="C559_Verifyerrormsg" time="61.853"/>
  <system-out/>
</testsuite> <!-- icivics_testcases.Googlestudentregistration_Test -->
