<?xml version="1.0" encoding="UTF-8"?>
<!-- Generated by org.testng.reporters.JUnitReportReporter -->
<testsuite hostname="AMX-RL-20-439-W" failures="0" tests="4" name="enfamil.testcases.EN_SCE1_001_Enrollment" time="280.102" errors="0" timestamp="07 Oct 2021 11:36:23 GMT" skipped="0">
  <testcase classname="enfamil.testcases.EN_SCE1_001_Enrollment" name="Enroll" time="63.406"/>
  <testcase classname="enfamil.testcases.EN_SCE1_001_Enrollment" name="Enroll" time="60.756"/>
  <testcase classname="enfamil.testcases.EN_SCE1_001_Enrollment" name="Enroll" time="61.796"/>
  <testcase classname="enfamil.testcases.EN_SCE1_001_Enrollment" name="Enroll" time="94.144"/>
</testsuite> <!-- enfamil.testcases.EN_SCE1_001_Enrollment -->
