<?xml version="1.0" encoding="UTF-8"?>
<!-- Generated by org.testng.reporters.JUnitReportReporter -->
<testsuite hostname="AMX-RL-20-457-W" failures="0" tests="1" name="icivics_testcases.Icivics_StudentRegistration3_Test" time="27.753" errors="0" timestamp="2022-05-24T16:32:53 IST" skipped="0">
  <testcase classname="icivics_testcases.Icivics_StudentRegistration3_Test" name="C403_clickontermsofuselink" time="27.753"/>
  <system-out/>
</testsuite> <!-- icivics_testcases.Icivics_StudentRegistration3_Test -->
