<?xml version="1.0" encoding="UTF-8"?>
<!-- Generated by org.testng.reporters.JUnitReportReporter -->
<testsuite hostname="AMX-RL-20-439-W" failures="0" tests="1" name="enfamil.testcases.LN_SCE1_Login_Logout" time="44.841" errors="0" timestamp="17 Sep 2021 09:46:15 GMT" skipped="0">
  <testcase classname="enfamil.testcases.LN_SCE1_Login_Logout" name="ClickLogin" time="44.841"/>
</testsuite> <!-- enfamil.testcases.LN_SCE1_Login_Logout -->
