<?xml version="1.0" encoding="UTF-8"?>
<!-- Generated by org.testng.reporters.JUnitReportReporter -->
<testsuite hostname="AMX-RL-20-439-W" failures="0" tests="1" name="enfamil.testcases.SCE24_SampleRequest" time="107.488" errors="0" timestamp="11 Oct 2021 11:11:49 GMT" skipped="0">
  <testcase classname="enfamil.testcases.SCE24_SampleRequest" name="SCE24_Samplerequest" time="107.488"/>
</testsuite> <!-- enfamil.testcases.SCE24_SampleRequest -->
