<?xml version="1.0" encoding="UTF-8"?>
<!-- Generated by org.testng.reporters.JUnitReportReporter -->
<testsuite hostname="AMX-RL-20-457-W" failures="0" tests="1" name="icivics_testcases.Googlestudentregistration_Test" time="53.450" errors="0" timestamp="2022-07-19T17:03:56 IST" skipped="0">
  <testcase classname="icivics_testcases.Googlestudentregistration_Test" name="C559_Verifyerrormsg" time="53.450"/>
  <system-out/>
</testsuite> <!-- icivics_testcases.Googlestudentregistration_Test -->
