<?xml version="1.0" encoding="UTF-8"?>
<!-- Generated by org.testng.reporters.JUnitReportReporter -->
<testsuite hostname="AMX-RL-20-348-W" failures="0" tests="4" name="icivics_testcases.I35_HP_4HeaderAbout_Test" time="104.199" errors="0" timestamp="2022-07-07T18:40:07 IST" skipped="0">
  <testcase classname="icivics_testcases.I35_HP_4HeaderAbout_Test" name="C22_Verifyaboutsubmenu" time="12.978"/>
  <system-out/>
  <testcase classname="icivics_testcases.I35_HP_4HeaderAbout_Test" name="C23_Verifysubmenucount" time="5.981"/>
  <system-out/>
  <testcase classname="icivics_testcases.I35_HP_4HeaderAbout_Test" name="C24_VerifysubmenuElement" time="75.014"/>
  <system-out/>
  <testcase classname="icivics_testcases.I35_HP_4HeaderAbout_Test" name="C27_Verifyclickaboutbuttonagain" time="10.226"/>
  <system-out/>
</testsuite> <!-- icivics_testcases.I35_HP_4HeaderAbout_Test -->
