<?xml version="1.0" encoding="UTF-8"?>
<!-- Generated by org.testng.reporters.JUnitReportReporter -->
<testsuite hostname="AMX-RL-20-348-W" failures="0" tests="6" name="icivics_testcases.I25_StudentRegistration3Email_Test" time="110.103" errors="0" timestamp="2022-07-07T18:40:07 IST" skipped="0">
  <testcase classname="icivics_testcases.I25_StudentRegistration3Email_Test" name="C372_verifypagecount3" time="17.192"/>
  <system-out/>
  <testcase classname="icivics_testcases.I25_StudentRegistration3Email_Test" name="C373_verifycheckmsgdisplay" time="15.999"/>
  <system-out/>
  <testcase classname="icivics_testcases.I25_StudentRegistration3Email_Test" name="C377_verifyconfirmationemail" time="20.986"/>
  <system-out/>
  <testcase classname="icivics_testcases.I25_StudentRegistration3Email_Test" name="C374_verifycheckmsgdisplay" time="16.234"/>
  <system-out/>
  <testcase classname="icivics_testcases.I25_StudentRegistration3Email_Test" name="C375_verifyregisteredemaildisplay" time="16.524"/>
  <system-out/>
  <testcase classname="icivics_testcases.I25_StudentRegistration3Email_Test" name="C376_verifyresendbutton" time="23.168"/>
  <system-out/>
</testsuite> <!-- icivics_testcases.I25_StudentRegistration3Email_Test -->
