<?xml version="1.0" encoding="UTF-8"?>
<!-- Generated by org.testng.reporters.JUnitReportReporter -->
<testsuite skipped="0" hostname="AMX-RL-20-348-W" name="icivics_testcases.I21_StudentRegistration1Email_Test" tests="13" failures="0" timestamp="2022-07-08T01:34:04 IST" time="276.062" errors="0">
  <testcase name="C383_Verifybreadcrumbs" time="8.936" classname="icivics_testcases.I21_StudentRegistration1Email_Test"/>
  <system-out/>
  <testcase name="C384_Verifybreadcrumbspage" time="9.036" classname="icivics_testcases.I21_StudentRegistration1Email_Test"/>
  <system-out/>
  <testcase name="C385_Verifyvideolink" time="33.227" classname="icivics_testcases.I21_StudentRegistration1Email_Test"/>
  <system-out/>
  <testcase name="C387_verifytextfields" time="14.329" classname="icivics_testcases.I21_StudentRegistration1Email_Test"/>
  <system-out/>
  <testcase name="C388_verifyusernamepregenerated" time="19.336" classname="icivics_testcases.I21_StudentRegistration1Email_Test"/>
  <system-out/>
  <testcase name="C389_verifyusernamepregeneratedrandomly" time="20.207" classname="icivics_testcases.I21_StudentRegistration1Email_Test"/>
  <system-out/>
  <testcase name="C390_verifyentertextinallfields" time="16.475" classname="icivics_testcases.I21_StudentRegistration1Email_Test"/>
  <system-out/>
  <testcase name="C391_verifyfieldsmarkedwithanasterisk" time="13.742" classname="icivics_testcases.I21_StudentRegistration1Email_Test"/>
  <system-out/>
  <testcase name="C392_verifyemailtooltips" time="10.606" classname="icivics_testcases.I21_StudentRegistration1Email_Test"/>
  <system-out/>
  <testcase name="C393_verifyemailerrormsg" time="25.829" classname="icivics_testcases.I21_StudentRegistration1Email_Test"/>
  <system-out/>
  <testcase name="C394_verifyblankerrormsg" time="60.794" classname="icivics_testcases.I21_StudentRegistration1Email_Test"/>
  <system-out/>
  <testcase name="C396_verifyvalidregistration" time="20.430" classname="icivics_testcases.I21_StudentRegistration1Email_Test"/>
  <system-out/>
  <testcase name="C397_Verifyclasscodelink" time="23.115" classname="icivics_testcases.I21_StudentRegistration1Email_Test"/>
  <system-out/>
</testsuite> <!-- icivics_testcases.I21_StudentRegistration1Email_Test -->
