<?xml version="1.0" encoding="UTF-8"?>
<!-- Generated by org.testng.reporters.JUnitReportReporter -->
<testsuite hostname="AMX-RL-20-348-W" failures="0" tests="4" name="icivics_testcases.Icivics18_HP_4HeaderAbout_Test" time="71.196" errors="0" timestamp="2022-07-07T13:58:42 IST" skipped="0">
  <testcase classname="icivics_testcases.Icivics18_HP_4HeaderAbout_Test" name="C22_Verifyaboutsubmenu" time="11.110"/>
  <system-out/>
  <testcase classname="icivics_testcases.Icivics18_HP_4HeaderAbout_Test" name="C23_Verifysubmenucount" time="5.145"/>
  <system-out/>
  <testcase classname="icivics_testcases.Icivics18_HP_4HeaderAbout_Test" name="C24_VerifysubmenuElement" time="45.818"/>
  <system-out/>
  <testcase classname="icivics_testcases.Icivics18_HP_4HeaderAbout_Test" name="C27_Verifyclickaboutbuttonagain" time="9.123"/>
  <system-out/>
</testsuite> <!-- icivics_testcases.Icivics18_HP_4HeaderAbout_Test -->
