<?xml version="1.0" encoding="UTF-8"?>
<!-- Generated by org.testng.reporters.JUnitReportReporter -->
<testsuite skipped="1" hostname="AMX-RL-20-348-W" name="icivics_testcases.I24_StudentRegistration3classcode_Test" tests="7" failures="0" timestamp="2022-07-08T01:34:04 IST" time="193.436" errors="0">
  <testcase name="C454_verifypagecount3" time="29.613" classname="icivics_testcases.I24_StudentRegistration3classcode_Test"/>
  <system-out/>
  <testcase name="C455_verifyusernamegenerateddisplay" time="29.377" classname="icivics_testcases.I24_StudentRegistration3classcode_Test"/>
  <system-out/>
  <testcase name="C456_verifyusernametextddisplay" time="28.623" classname="icivics_testcases.I24_StudentRegistration3classcode_Test"/>
  <system-out/>
  <testcase name="C457_verifyemailddisplay" time="30.369" classname="icivics_testcases.I24_StudentRegistration3classcode_Test"/>
  <system-out/>
  <testcase name="C458_verifyemailtextddisplay" time="15.434" classname="icivics_testcases.I24_StudentRegistration3classcode_Test">
    <skipped/>
  </testcase> <!-- C458_verifyemailtextddisplay -->
  <system-out/>
  <testcase name="C458_verifyemailtextddisplay" time="23.405" classname="icivics_testcases.I24_StudentRegistration3classcode_Test"/>
  <system-out/>
  <testcase name="C459_clickcontinuetomyassignmentbutton" time="36.615" classname="icivics_testcases.I24_StudentRegistration3classcode_Test"/>
  <system-out/>
</testsuite> <!-- icivics_testcases.I24_StudentRegistration3classcode_Test -->
