<?xml version="1.0" encoding="UTF-8"?>
<!-- Generated by org.testng.reporters.JUnitReportReporter -->
<testsuite hostname="AMX-RL-20-457-W" failures="0" tests="7" name="icivics_testcases.I15_EducatorRegistration5_Test" time="570.495" errors="0" timestamp="2022-07-08T17:47:32 IST" skipped="1">
  <testcase classname="icivics_testcases.I15_EducatorRegistration5_Test" name="C372_verifybreadcrumbspage5" time="60.705">
    <skipped/>
  </testcase> <!-- C372_verifybreadcrumbspage5 -->
  <system-out/>
  <testcase classname="icivics_testcases.I15_EducatorRegistration5_Test" name="C372_verifybreadcrumbspage5" time="67.686"/>
  <system-out/>
  <testcase classname="icivics_testcases.I15_EducatorRegistration5_Test" name="C373_verifywelcomemessage" time="61.961"/>
  <system-out/>
  <testcase classname="icivics_testcases.I15_EducatorRegistration5_Test" name="C374_verifyconfirmationemail" time="107.858"/>
  <system-out/>
  <testcase classname="icivics_testcases.I15_EducatorRegistration5_Test" name="C375_verifyconfirmationemail" time="88.438"/>
  <system-out/>
  <testcase classname="icivics_testcases.I15_EducatorRegistration5_Test" name="C376_verifyresendbutton" time="99.881"/>
  <system-out/>
  <testcase classname="icivics_testcases.I15_EducatorRegistration5_Test" name="C377_verifynotification" time="83.966"/>
  <system-out/>
</testsuite> <!-- icivics_testcases.I15_EducatorRegistration5_Test -->
