<?xml version="1.0" encoding="UTF-8"?>
<!-- Generated by org.testng.reporters.JUnitReportReporter -->
<testsuite hostname="AMX-RL-20-348-W" failures="0" tests="14" name="icivics_testcases.Icivics5_EducatorRegistration4_Test" time="351.892" errors="0" timestamp="2022-07-07T13:58:42 IST" skipped="0">
  <testcase classname="icivics_testcases.Icivics5_EducatorRegistration4_Test" name="C358_verifybreadcrumbspage4" time="23.095"/>
  <system-out/>
  <testcase classname="icivics_testcases.Icivics5_EducatorRegistration4_Test" name="C359_verifypreviouspage" time="26.826"/>
  <system-out/>
  <testcase classname="icivics_testcases.Icivics5_EducatorRegistration4_Test" name="C360_verifyalldataremembered" time="24.540"/>
  <system-out/>
  <testcase classname="icivics_testcases.Icivics5_EducatorRegistration4_Test" name="C361_verifyallpage3fields" time="23.533"/>
  <system-out/>
  <testcase classname="icivics_testcases.Icivics5_EducatorRegistration4_Test" name="C362_verifySignUpischecked" time="23.033"/>
  <system-out/>
  <testcase classname="icivics_testcases.Icivics5_EducatorRegistration4_Test" name="C363_verifyallpage4fields" time="38.615"/>
  <system-out/>
  <testcase classname="icivics_testcases.Icivics5_EducatorRegistration4_Test" name="C364_verifyallfieldasterisk" time="22.388"/>
  <system-out/>
  <testcase classname="icivics_testcases.Icivics5_EducatorRegistration4_Test" name="C365_verifypasswordtooltips" time="22.953"/>
  <system-out/>
  <testcase classname="icivics_testcases.Icivics5_EducatorRegistration4_Test" name="C366_verifypasswordstrengthIndicator" time="22.198"/>
  <system-out/>
  <testcase classname="icivics_testcases.Icivics5_EducatorRegistration4_Test" name="C367_verifypasswordIndicatormatch" time="22.713"/>
  <system-out/>
  <testcase classname="icivics_testcases.Icivics5_EducatorRegistration4_Test" name="C368_verifyallfieldswithinvaliddata" time="25.615"/>
  <system-out/>
  <testcase classname="icivics_testcases.Icivics5_EducatorRegistration4_Test" name="C369_verifyallfieldswithblankdata" time="23.712"/>
  <system-out/>
  <testcase classname="icivics_testcases.Icivics5_EducatorRegistration4_Test" name="C370_verifyallfieldswithblankandinvaliddata" time="24.533"/>
  <system-out/>
  <testcase classname="icivics_testcases.Icivics5_EducatorRegistration4_Test" name="C371_verifyvalidsubmission" time="28.138"/>
  <system-out/>
</testsuite> <!-- icivics_testcases.Icivics5_EducatorRegistration4_Test -->
