<?xml version="1.0" encoding="UTF-8"?>
<!-- Generated by org.testng.reporters.JUnitReportReporter -->
<testsuite hostname="AMX-RL-20-457-W" failures="0" tests="4" name="icivics_testcases.I35_HP_4HeaderAbout_Test" time="943.883" errors="0" timestamp="2022-07-08T17:47:32 IST" skipped="0">
  <testcase classname="icivics_testcases.I35_HP_4HeaderAbout_Test" name="C22_Verifyaboutsubmenu" time="90.513"/>
  <system-out/>
  <testcase classname="icivics_testcases.I35_HP_4HeaderAbout_Test" name="C23_Verifysubmenucount" time="123.719"/>
  <system-out/>
  <testcase classname="icivics_testcases.I35_HP_4HeaderAbout_Test" name="C24_VerifysubmenuElement" time="628.927"/>
  <system-out/>
  <testcase classname="icivics_testcases.I35_HP_4HeaderAbout_Test" name="C27_Verifyclickaboutbuttonagain" time="100.724"/>
  <system-out/>
</testsuite> <!-- icivics_testcases.I35_HP_4HeaderAbout_Test -->
