<?xml version="1.0" encoding="UTF-8"?>
<!-- Generated by org.testng.reporters.JUnitReportReporter -->
<testsuite hostname="AMX-RL-20-457-W" failures="0" tests="1" name="icivics_testcases.Icivics_StudentRegistration2_Test" time="28.422" errors="0" timestamp="2022-05-24T17:38:26 IST" skipped="0">
  <testcase classname="icivics_testcases.Icivics_StudentRegistration2_Test" name="C433_verifyerrormsgverifyemailblankfield" time="28.422"/>
  <system-out/>
</testsuite> <!-- icivics_testcases.Icivics_StudentRegistration2_Test -->
