<?xml version="1.0" encoding="UTF-8"?>
<!-- Generated by org.testng.reporters.JUnitReportReporter -->
<testsuite hostname="AMX-RL-20-348-W" failures="0" tests="5" name="icivics_testcases.I32_HP_2Headerplay_Test" time="431.639" errors="0" timestamp="2022-07-07T18:40:07 IST" skipped="0">
  <testcase classname="icivics_testcases.I32_HP_2Headerplay_Test" name="C8_Verifyplaysubmenu" time="5.927"/>
  <system-out/>
  <testcase classname="icivics_testcases.I32_HP_2Headerplay_Test" name="C9_Verifyplaybuttonlist" time="10.224"/>
  <system-out/>
  <testcase classname="icivics_testcases.I32_HP_2Headerplay_Test" name="C10_Verifyplaybuttonelements" time="132.993"/>
  <system-out/>
  <testcase classname="icivics_testcases.I32_HP_2Headerplay_Test" name="C12_Verifypageisunderlined" time="275.314"/>
  <system-out/>
  <testcase classname="icivics_testcases.I32_HP_2Headerplay_Test" name="C13_Verifyclickonplaybuttonagain" time="7.181"/>
  <system-out/>
</testsuite> <!-- icivics_testcases.I32_HP_2Headerplay_Test -->
