<?xml version="1.0" encoding="UTF-8"?>
<!-- Generated by org.testng.reporters.JUnitReportReporter -->
<testsuite skipped="0" hostname="AMX-RL-20-348-W" name="icivics_testcases.I31_HP_1TeacherHeader_Test" tests="6" failures="0" timestamp="2022-07-08T01:34:04 IST" time="445.079" errors="0">
  <testcase name="C3_Verifyheaderbuttonsforanonymoususer" time="16.974" classname="icivics_testcases.I31_HP_1TeacherHeader_Test"/>
  <system-out/>
  <testcase name="C3_Verifyheaderbuttonsforauthenticateduser" time="35.851" classname="icivics_testcases.I31_HP_1TeacherHeader_Test"/>
  <system-out/>
  <testcase name="C4_Verifyheaderelemets" time="199.980" classname="icivics_testcases.I31_HP_1TeacherHeader_Test"/>
  <system-out/>
  <testcase name="C6_Verifyheaderbuttonhoverforanonymoususer" time="88.733" classname="icivics_testcases.I31_HP_1TeacherHeader_Test"/>
  <system-out/>
  <testcase name="C6_verifyaheaderbuttonhoverforauthenticateduser" time="65.777" classname="icivics_testcases.I31_HP_1TeacherHeader_Test"/>
  <system-out/>
  <testcase name="C7_verifyresizeheaderintohamburger" time="37.764" classname="icivics_testcases.I31_HP_1TeacherHeader_Test"/>
  <system-out/>
</testsuite> <!-- icivics_testcases.I31_HP_1TeacherHeader_Test -->
