<?xml version="1.0" encoding="UTF-8"?>
<!-- Generated by org.testng.reporters.JUnitReportReporter -->
<testsuite hostname="AMX-RL-20-439-W" failures="0" tests="1" name="enfamil.testcases.CU_SCE1_002_Contactus" time="80.854" errors="0" timestamp="01 Oct 2021 08:05:23 GMT" skipped="0">
  <testcase classname="enfamil.testcases.CU_SCE1_002_Contactus" name="ClickLogin" time="80.854"/>
</testsuite> <!-- enfamil.testcases.CU_SCE1_002_Contactus -->
