<?xml version="1.0" encoding="UTF-8"?>
<!-- Generated by org.testng.reporters.JUnitReportReporter -->
<testsuite hostname="AMX-RL-20-457-W" failures="0" tests="4" name="icivics_testcases.I30_HP_1Header_Test" time="389.253" errors="0" timestamp="2022-07-08T17:47:32 IST" skipped="0">
  <testcase classname="icivics_testcases.I30_HP_1Header_Test" name="C1_VerifyLogo" time="34.452"/>
  <system-out/>
  <testcase classname="icivics_testcases.I30_HP_1Header_Test" name="C2_VerifyHeaderbuttonforanonymoususer" time="43.281"/>
  <system-out/>
  <testcase classname="icivics_testcases.I30_HP_1Header_Test" name="C2_VerifyHeaderbuttonforauthenticateduser" time="154.051"/>
  <system-out/>
  <testcase classname="icivics_testcases.I30_HP_1Header_Test" name="C1538_Verifydonationpopup" time="157.469"/>
  <system-out/>
</testsuite> <!-- icivics_testcases.I30_HP_1Header_Test -->
