<?xml version="1.0" encoding="UTF-8"?>
<!-- Generated by org.testng.reporters.JUnitReportReporter -->
<testsuite hostname="AMX-RL-20-439-W" failures="0" tests="1" name="enfamil.testcases.SCE22_SampleRequest" time="112.051" errors="0" timestamp="05 Oct 2021 08:04:21 GMT" skipped="0">
  <testcase classname="enfamil.testcases.SCE22_SampleRequest" name="SCE22_Samplerequest" time="112.051"/>
</testsuite> <!-- enfamil.testcases.SCE22_SampleRequest -->
