<?xml version="1.0" encoding="UTF-8"?>
<!-- Generated by org.testng.reporters.JUnitReportReporter -->
<testsuite hostname="ATVenkat" failures="0" tests="3" name="com.ameexrb.testcases.TC001_LoginLogOut" time="19.403" errors="0" timestamp="08 Sep 2021 07:35:54 GMT" skipped="0">
  <testcase classname="com.ameexrb.testcases.TC001_LoginLogOut" name="createLeaf" time="7.594"/>
  <testcase classname="com.ameexrb.testcases.TC001_LoginLogOut" name="createLeaf" time="5.950"/>
  <testcase classname="com.ameexrb.testcases.TC001_LoginLogOut" name="createLeaf" time="5.859"/>
</testsuite> <!-- com.ameexrb.testcases.TC001_LoginLogOut -->
