<?xml version="1.0" encoding="UTF-8"?>
<!-- Generated by org.testng.reporters.JUnitReportReporter -->
<testsuite hostname="AMX-RL-20-348-W" failures="0" tests="4" name="icivics_testcases.I33_HP_3HeaderTeach_Test" time="52.662" errors="0" timestamp="2022-07-07T18:40:07 IST" skipped="0">
  <testcase classname="icivics_testcases.I33_HP_3HeaderTeach_Test" name="C15_Verifyteachsubmenu" time="5.219"/>
  <system-out/>
  <testcase classname="icivics_testcases.I33_HP_3HeaderTeach_Test" name="C16_Verifysubmenucount" time="5.191"/>
  <system-out/>
  <testcase classname="icivics_testcases.I33_HP_3HeaderTeach_Test" name="C17_Verifyteachbuttonelements" time="36.982"/>
  <system-out/>
  <testcase classname="icivics_testcases.I33_HP_3HeaderTeach_Test" name="C20_verifyclickteachbuttonagain" time="5.270"/>
  <system-out/>
</testsuite> <!-- icivics_testcases.I33_HP_3HeaderTeach_Test -->
