<?xml version="1.0" encoding="UTF-8"?>
<!-- Generated by org.testng.reporters.JUnitReportReporter -->
<testsuite hostname="AMX-RL-20-348-W" failures="0" tests="6" name="icivics_testcases.Icivics1_EducatorRegistration_Test" time="261.564" errors="0" timestamp="2022-07-07T13:58:42 IST" skipped="0">
  <testcase classname="icivics_testcases.Icivics1_EducatorRegistration_Test" name="C321_VerifyallpageElements" time="17.336"/>
  <system-out/>
  <testcase classname="icivics_testcases.Icivics1_EducatorRegistration_Test" name="C322_ButtonHover" time="27.865"/>
  <system-out/>
  <testcase classname="icivics_testcases.Icivics1_EducatorRegistration_Test" name="C323_Verifyallbuttonlinks" time="187.906"/>
  <system-out/>
  <testcase classname="icivics_testcases.Icivics1_EducatorRegistration_Test" name="C324_WindowResize" time="14.996"/>
  <system-out/>
  <testcase classname="icivics_testcases.Icivics1_EducatorRegistration_Test" name="C325_Verifyerrormsg" time="6.291"/>
  <system-out/>
  <testcase classname="icivics_testcases.Icivics1_EducatorRegistration_Test" name="C326_Verifybreadcrumbs" time="7.170"/>
  <system-out/>
</testsuite> <!-- icivics_testcases.Icivics1_EducatorRegistration_Test -->
