<?xml version="1.0" encoding="UTF-8"?>
<!-- Generated by org.testng.reporters.JUnitReportReporter -->
<testsuite hostname="AMX-RL-20-439-W" failures="0" tests="1" name="enfamil.testcases.SCE56_LiveChat" time="54.222" errors="0" timestamp="01 Oct 2021 15:36:44 GMT" skipped="0">
  <testcase classname="enfamil.testcases.SCE56_LiveChat" name="SCE56_Livechat" time="54.222"/>
</testsuite> <!-- enfamil.testcases.SCE56_LiveChat -->
