<?xml version="1.0" encoding="UTF-8"?>
<!-- Generated by org.testng.reporters.JUnitReportReporter -->
<testsuite hostname="AMX-RL-20-608-W" failures="0" tests="1" name="testcases.EnspireForm_Test" time="11.818" errors="0" timestamp="11 Apr 2022 19:20:35 GMT" skipped="0">
  <testcase classname="testcases.EnspireForm_Test" name="EnspireFormTest" time="11.818"/>
</testsuite> <!-- testcases.EnspireForm_Test -->
