<?xml version="1.0" encoding="UTF-8"?>
<!-- Generated by org.testng.reporters.JUnitReportReporter -->
<testsuite hostname="AMX-RL-20-457-W" failures="0" tests="6" name="icivics_testcases.I25_StudentRegistration3Email_Test" time="385.166" errors="0" timestamp="2022-07-08T17:47:32 IST" skipped="0">
  <testcase classname="icivics_testcases.I25_StudentRegistration3Email_Test" name="C372_verifypagecount3" time="49.447"/>
  <system-out/>
  <testcase classname="icivics_testcases.I25_StudentRegistration3Email_Test" name="C373_verifycheckmsgdisplay" time="44.595"/>
  <system-out/>
  <testcase classname="icivics_testcases.I25_StudentRegistration3Email_Test" name="C377_verifyconfirmationemail" time="76.999"/>
  <system-out/>
  <testcase classname="icivics_testcases.I25_StudentRegistration3Email_Test" name="C375_verifyregisteredemaildisplay" time="76.525"/>
  <system-out/>
  <testcase classname="icivics_testcases.I25_StudentRegistration3Email_Test" name="C374_verifycheckmsgdisplay" time="67.840"/>
  <system-out/>
  <testcase classname="icivics_testcases.I25_StudentRegistration3Email_Test" name="C376_verifyresendbutton" time="69.760"/>
  <system-out/>
</testsuite> <!-- icivics_testcases.I25_StudentRegistration3Email_Test -->
