<?xml version="1.0" encoding="UTF-8"?>
<!-- Generated by org.testng.reporters.JUnitReportReporter -->
<testsuite hostname="AMX-RL-20-439-W" failures="0" tests="1" name="enfamil.testcases.LN_SCE1_002_InvalidLogin" time="31.474" errors="0" timestamp="20 Sep 2021 13:25:33 GMT" skipped="0">
  <testcase classname="enfamil.testcases.LN_SCE1_002_InvalidLogin" name="ClickLogin" time="31.474"/>
</testsuite> <!-- enfamil.testcases.LN_SCE1_002_InvalidLogin -->
