<?xml version="1.0" encoding="UTF-8"?>
<!-- Generated by org.testng.reporters.JUnitReportReporter -->
<testsuite hostname="AMX-RL-20-457-W" failures="0" tests="6" name="icivics_testcases.I31_HP_1TeacherHeader_Test" time="1025.597" errors="0" timestamp="2022-07-08T17:47:32 IST" skipped="0">
  <testcase classname="icivics_testcases.I31_HP_1TeacherHeader_Test" name="C3_Verifyheaderbuttonsforanonymoususer" time="79.486"/>
  <system-out/>
  <testcase classname="icivics_testcases.I31_HP_1TeacherHeader_Test" name="C3_Verifyheaderbuttonsforauthenticateduser" time="74.954"/>
  <system-out/>
  <testcase classname="icivics_testcases.I31_HP_1TeacherHeader_Test" name="C4_Verifyheaderelemets" time="334.068"/>
  <system-out/>
  <testcase classname="icivics_testcases.I31_HP_1TeacherHeader_Test" name="C6_Verifyheaderbuttonhoverforanonymoususer" time="252.614"/>
  <system-out/>
  <testcase classname="icivics_testcases.I31_HP_1TeacherHeader_Test" name="C6_verifyaheaderbuttonhoverforauthenticateduser" time="216.984"/>
  <system-out/>
  <testcase classname="icivics_testcases.I31_HP_1TeacherHeader_Test" name="C7_verifyresizeheaderintohamburger" time="67.491"/>
  <system-out/>
</testsuite> <!-- icivics_testcases.I31_HP_1TeacherHeader_Test -->
