<?xml version="1.0" encoding="UTF-8"?>
<!-- Generated by org.testng.reporters.JUnitReportReporter -->
<testsuite hostname="AMX-RL-20-457-W" failures="0" tests="12" name="icivics_testcases.I36_HP_5HeaderMyicivicsMisc_Test" time="1707.377" errors="0" timestamp="2022-07-08T17:47:32 IST" skipped="0">
  <testcase classname="icivics_testcases.I36_HP_5HeaderMyicivicsMisc_Test" name="C29_Verifydonatebutton" time="69.923"/>
  <system-out/>
  <testcase classname="icivics_testcases.I36_HP_5HeaderMyicivicsMisc_Test" name="C30_Verifydonatebuttonclick" time="242.526"/>
  <system-out/>
  <testcase classname="icivics_testcases.I36_HP_5HeaderMyicivicsMisc_Test" name="C31_Verifyshopbutton" time="113.767"/>
  <system-out/>
  <testcase classname="icivics_testcases.I36_HP_5HeaderMyicivicsMisc_Test" name="C32_Verifyshopbuttonclick" time="106.419"/>
  <system-out/>
  <testcase classname="icivics_testcases.I36_HP_5HeaderMyicivicsMisc_Test" name="C34_VerifyIcivicsbutton" time="102.055"/>
  <system-out/>
  <testcase classname="icivics_testcases.I36_HP_5HeaderMyicivicsMisc_Test" name="C35_Verifytheavatar" time="109.277"/>
  <system-out/>
  <testcase classname="icivics_testcases.I36_HP_5HeaderMyicivicsMisc_Test" name="C35_Verifythenoavatar" time="185.056"/>
  <system-out/>
  <testcase classname="icivics_testcases.I36_HP_5HeaderMyicivicsMisc_Test" name="C36_VerifyIcivicssubmenu" time="107.574"/>
  <system-out/>
  <testcase classname="icivics_testcases.I36_HP_5HeaderMyicivicsMisc_Test" name="C37_VerifyIcivicssubmenu" time="125.564"/>
  <system-out/>
  <testcase classname="icivics_testcases.I36_HP_5HeaderMyicivicsMisc_Test" name="C39_Myicivicsbuttonelementsverification" time="237.974"/>
  <system-out/>
  <testcase classname="icivics_testcases.I36_HP_5HeaderMyicivicsMisc_Test" name="C41_verifyselectpageisunderlined" time="232.932"/>
  <system-out/>
  <testcase classname="icivics_testcases.I36_HP_5HeaderMyicivicsMisc_Test" name="C42_Verifymyicivicsbuttonsubmenuclose" time="74.310"/>
  <system-out/>
</testsuite> <!-- icivics_testcases.I36_HP_5HeaderMyicivicsMisc_Test -->
