<?xml version="1.0" encoding="UTF-8"?>
<!-- Generated by org.testng.reporters.JUnitReportReporter -->
<testsuite skipped="0" hostname="AMX-RL-20-348-W" name="icivics_testcases.I37_HP_5HeaderSigninMisc_Test" tests="9" failures="0" timestamp="2022-07-08T01:34:04 IST" time="192.345" errors="0">
  <testcase name="C29_Verifydonatebutton" time="7.886" classname="icivics_testcases.I37_HP_5HeaderSigninMisc_Test"/>
  <system-out/>
  <testcase name="C30_Verifydonatebuttonclick" time="25.539" classname="icivics_testcases.I37_HP_5HeaderSigninMisc_Test"/>
  <system-out/>
  <testcase name="C31_Verifyshopbutton" time="9.632" classname="icivics_testcases.I37_HP_5HeaderSigninMisc_Test"/>
  <system-out/>
  <testcase name="C32_Verifyshopbuttonclick" time="23.916" classname="icivics_testcases.I37_HP_5HeaderSigninMisc_Test"/>
  <system-out/>
  <testcase name="C33_Verifysigninbuttonforanonymoususer" time="18.281" classname="icivics_testcases.I37_HP_5HeaderSigninMisc_Test"/>
  <system-out/>
  <testcase name="C37_Verifysigninbuttonsubmenu" time="15.999" classname="icivics_testcases.I37_HP_5HeaderSigninMisc_Test"/>
  <system-out/>
  <testcase name="C38_Verifysigninbuttonsubmenu" time="25.051" classname="icivics_testcases.I37_HP_5HeaderSigninMisc_Test"/>
  <system-out/>
  <testcase name="C41_Verifysubmenuoptionisunderlined" time="54.718" classname="icivics_testcases.I37_HP_5HeaderSigninMisc_Test"/>
  <system-out/>
  <testcase name="C42_Verifysubmenuoptionisunderlined" time="11.323" classname="icivics_testcases.I37_HP_5HeaderSigninMisc_Test"/>
  <system-out/>
</testsuite> <!-- icivics_testcases.I37_HP_5HeaderSigninMisc_Test -->
