<?xml version="1.0" encoding="UTF-8"?>
<!-- Generated by org.testng.reporters.JUnitReportReporter -->
<testsuite hostname="AMX-RL-20-348-W" failures="0" tests="9" name="icivics_testcases.I37_HP_5HeaderSigninMisc_Test" time="133.053" errors="0" timestamp="2022-07-07T18:40:07 IST" skipped="0">
  <testcase classname="icivics_testcases.I37_HP_5HeaderSigninMisc_Test" name="C29_Verifydonatebutton" time="5.769"/>
  <system-out/>
  <testcase classname="icivics_testcases.I37_HP_5HeaderSigninMisc_Test" name="C30_Verifydonatebuttonclick" time="19.803"/>
  <system-out/>
  <testcase classname="icivics_testcases.I37_HP_5HeaderSigninMisc_Test" name="C31_Verifyshopbutton" time="10.401"/>
  <system-out/>
  <testcase classname="icivics_testcases.I37_HP_5HeaderSigninMisc_Test" name="C32_Verifyshopbuttonclick" time="10.649"/>
  <system-out/>
  <testcase classname="icivics_testcases.I37_HP_5HeaderSigninMisc_Test" name="C33_Verifysigninbuttonforanonymoususer" time="8.152"/>
  <system-out/>
  <testcase classname="icivics_testcases.I37_HP_5HeaderSigninMisc_Test" name="C37_Verifysigninbuttonsubmenu" time="11.835"/>
  <system-out/>
  <testcase classname="icivics_testcases.I37_HP_5HeaderSigninMisc_Test" name="C38_Verifysigninbuttonsubmenu" time="18.278"/>
  <system-out/>
  <testcase classname="icivics_testcases.I37_HP_5HeaderSigninMisc_Test" name="C41_Verifysubmenuoptionisunderlined" time="41.166"/>
  <system-out/>
  <testcase classname="icivics_testcases.I37_HP_5HeaderSigninMisc_Test" name="C42_Verifysubmenuoptionisunderlined" time="7.000"/>
  <system-out/>
</testsuite> <!-- icivics_testcases.I37_HP_5HeaderSigninMisc_Test -->
