<?xml version="1.0" encoding="UTF-8"?>
<!-- Generated by org.testng.reporters.JUnitReportReporter -->
<testsuite hostname="AMX-RL-20-348-W" failures="0" tests="13" name="icivics_testcases.I22_StudentRegistration2classcode_Test" time="194.010" errors="0" timestamp="2022-07-07T18:40:07 IST" skipped="0">
  <testcase classname="icivics_testcases.I22_StudentRegistration2classcode_Test" name="C398_verifypagecount2" time="9.833"/>
  <system-out/>
  <testcase classname="icivics_testcases.I22_StudentRegistration2classcode_Test" name="C399_Clickbackbutton" time="11.662"/>
  <system-out/>
  <testcase classname="icivics_testcases.I22_StudentRegistration2classcode_Test" name="C400_verifyfieldsisremembered" time="12.092"/>
  <system-out/>
  <testcase classname="icivics_testcases.I22_StudentRegistration2classcode_Test" name="C403_clickontermsofuselink" time="24.887"/>
  <system-out/>
  <testcase classname="icivics_testcases.I22_StudentRegistration2classcode_Test" name="C404_clickprivacypolicy" time="15.921"/>
  <system-out/>
  <testcase classname="icivics_testcases.I22_StudentRegistration2classcode_Test" name="C405_verifypage2SignUpforEmailsfield" time="10.173"/>
  <system-out/>
  <testcase classname="icivics_testcases.I22_StudentRegistration2classcode_Test" name="C408_hoveronpwdfield" time="12.499"/>
  <system-out/>
  <testcase classname="icivics_testcases.I22_StudentRegistration2classcode_Test" name="C409_VerifyPasswordstrengthmeter" time="12.489"/>
  <system-out/>
  <testcase classname="icivics_testcases.I22_StudentRegistration2classcode_Test" name="C410_VerifyPasswordindicatormatch" time="15.340"/>
  <system-out/>
  <testcase classname="icivics_testcases.I22_StudentRegistration2classcode_Test" name="C412_verifyenterinvaliddata" time="22.655"/>
  <system-out/>
  <testcase classname="icivics_testcases.I22_StudentRegistration2classcode_Test" name="C412_verifytermsofuseandprivacycheckbox" time="12.343"/>
  <system-out/>
  <testcase classname="icivics_testcases.I22_StudentRegistration2classcode_Test" name="C413_verifyblankerrormsg" time="15.362"/>
  <system-out/>
  <testcase classname="icivics_testcases.I22_StudentRegistration2classcode_Test" name="C414_verifypage3loaded" time="18.754"/>
  <system-out/>
</testsuite> <!-- icivics_testcases.I22_StudentRegistration2classcode_Test -->
