<?xml version="1.0" encoding="UTF-8"?>
<!-- Generated by org.testng.reporters.JUnitReportReporter -->
<testsuite hostname="AMX-RL-20-348-W" failures="0" tests="13" name="icivics_testcases.I23_StudentRegistration2Email_Test" time="167.975" errors="0" timestamp="2022-07-07T18:40:07 IST" skipped="0">
  <testcase classname="icivics_testcases.I23_StudentRegistration2Email_Test" name="C398_verifypagecount2" time="8.167"/>
  <system-out/>
  <testcase classname="icivics_testcases.I23_StudentRegistration2Email_Test" name="C399_Clickbackbutton" time="13.494"/>
  <system-out/>
  <testcase classname="icivics_testcases.I23_StudentRegistration2Email_Test" name="C400_verifyfieldsisremembered" time="11.951"/>
  <system-out/>
  <testcase classname="icivics_testcases.I23_StudentRegistration2Email_Test" name="C403_clickontermsofuselink" time="23.151"/>
  <system-out/>
  <testcase classname="icivics_testcases.I23_StudentRegistration2Email_Test" name="C404_clickprivacypolicy" time="15.882"/>
  <system-out/>
  <testcase classname="icivics_testcases.I23_StudentRegistration2Email_Test" name="C405_verifypage2SignUpforEmailsfield" time="8.137"/>
  <system-out/>
  <testcase classname="icivics_testcases.I23_StudentRegistration2Email_Test" name="C408_hoveronpwdfield" time="8.801"/>
  <system-out/>
  <testcase classname="icivics_testcases.I23_StudentRegistration2Email_Test" name="C409_VerifyPasswordstrengthmeter" time="11.958"/>
  <system-out/>
  <testcase classname="icivics_testcases.I23_StudentRegistration2Email_Test" name="C410_VerifyPasswordindicatormatch" time="8.826"/>
  <system-out/>
  <testcase classname="icivics_testcases.I23_StudentRegistration2Email_Test" name="C412_verifyenterinvaliddata" time="13.191"/>
  <system-out/>
  <testcase classname="icivics_testcases.I23_StudentRegistration2Email_Test" name="C412_verifytermsofuseandprivacycheckbox" time="11.929"/>
  <system-out/>
  <testcase classname="icivics_testcases.I23_StudentRegistration2Email_Test" name="C413_verifyblankerrormsg" time="14.783"/>
  <system-out/>
  <testcase classname="icivics_testcases.I23_StudentRegistration2Email_Test" name="C414_verifypage3loaded" time="17.705"/>
  <system-out/>
</testsuite> <!-- icivics_testcases.I23_StudentRegistration2Email_Test -->
