<?xml version="1.0" encoding="UTF-8"?>
<!-- Generated by org.testng.reporters.JUnitReportReporter -->
<testsuite hostname="AMX-RL-20-348-W" failures="0" tests="4" name="icivics_testcases.Icivics13_HP_1Header_Test" time="44.941" errors="0" timestamp="2022-07-05T21:21:19 IST" skipped="0">
  <testcase classname="icivics_testcases.Icivics13_HP_1Header_Test" name="C1_VerifyLogo" time="8.801"/>
  <system-out/>
  <testcase classname="icivics_testcases.Icivics13_HP_1Header_Test" name="C2_VerifyHeaderbuttonforanonymoususer" time="14.076"/>
  <system-out/>
  <testcase classname="icivics_testcases.Icivics13_HP_1Header_Test" name="C2_VerifyHeaderbuttonforauthenticateduser" time="14.375"/>
  <system-out/>
  <testcase classname="icivics_testcases.Icivics13_HP_1Header_Test" name="C1538_Verifydonationpopup" time="7.689"/>
  <system-out/>
</testsuite> <!-- icivics_testcases.Icivics13_HP_1Header_Test -->
