<?xml version="1.0" encoding="UTF-8"?>
<!-- Generated by org.testng.reporters.JUnitReportReporter -->
<testsuite hostname="AMX-RL-20-608-W" failures="0" tests="6" name="icivics_testcases.Icivics_EducatorRegistration5_Test" time="192.149" errors="0" timestamp="2022-06-20T14:26:17 IST" skipped="0">
  <testcase classname="icivics_testcases.Icivics_EducatorRegistration5_Test" name="C372_verifybreadcrumbspage5" time="27.207"/>
  <system-out/>
  <testcase classname="icivics_testcases.Icivics_EducatorRegistration5_Test" name="C373_verifywelcomemessage" time="28.280"/>
  <system-out/>
  <testcase classname="icivics_testcases.Icivics_EducatorRegistration5_Test" name="C374_verifyconfirmationemail" time="28.027"/>
  <system-out/>
  <testcase classname="icivics_testcases.Icivics_EducatorRegistration5_Test" name="C375_verifyconfirmationemail" time="28.351"/>
  <system-out/>
  <testcase classname="icivics_testcases.Icivics_EducatorRegistration5_Test" name="C376_verifyresendbutton" time="38.204"/>
  <system-out/>
  <testcase classname="icivics_testcases.Icivics_EducatorRegistration5_Test" name="C377_verifynotification" time="42.080"/>
  <system-out/>
</testsuite> <!-- icivics_testcases.Icivics_EducatorRegistration5_Test -->
