<?xml version="1.0" encoding="UTF-8"?>
<!-- Generated by org.testng.reporters.JUnitReportReporter -->
<testsuite hostname="AMX-RL-20-348-W" failures="0" tests="10" name="icivics_testcases.I12_EducatorRegistration2_Test" time="0.000" errors="0" timestamp="2022-07-08T00:02:29 IST" skipped="10">
  <testcase classname="icivics_testcases.I12_EducatorRegistration2_Test" name="C338_verifybreadcrumbspage1" time="0.000">
    <skipped/>
  </testcase> <!-- C338_verifybreadcrumbspage1 -->
  <system-out/>
  <testcase classname="icivics_testcases.I12_EducatorRegistration2_Test" name="C339_verifypreviouspage" time="0.000">
    <skipped/>
  </testcase> <!-- C339_verifypreviouspage -->
  <system-out/>
  <testcase classname="icivics_testcases.I12_EducatorRegistration2_Test" name="C340_verifyalldataremembered" time="0.000">
    <skipped/>
  </testcase> <!-- C340_verifyalldataremembered -->
  <system-out/>
  <testcase classname="icivics_testcases.I12_EducatorRegistration2_Test" name="C341_verifyRoleandGradeLevel" time="0.000">
    <skipped/>
  </testcase> <!-- C341_verifyRoleandGradeLevel -->
  <system-out/>
  <testcase classname="icivics_testcases.I12_EducatorRegistration2_Test" name="C342_verifymakeselection" time="0.000">
    <skipped/>
  </testcase> <!-- C342_verifymakeselection -->
  <system-out/>
  <testcase classname="icivics_testcases.I12_EducatorRegistration2_Test" name="C343_verifyotheradditionalfield" time="0.000">
    <skipped/>
  </testcase> <!-- C343_verifyotheradditionalfield -->
  <system-out/>
  <testcase classname="icivics_testcases.I12_EducatorRegistration2_Test" name="C344_verifyasterisk" time="0.000">
    <skipped/>
  </testcase> <!-- C344_verifyasterisk -->
  <system-out/>
  <testcase classname="icivics_testcases.I12_EducatorRegistration2_Test" name="C345_verifyblankerrormsg" time="0.000">
    <skipped/>
  </testcase> <!-- C345_verifyblankerrormsg -->
  <system-out/>
  <testcase classname="icivics_testcases.I12_EducatorRegistration2_Test" name="C346_verifyerrormsgboxcolor" time="0.000">
    <skipped/>
  </testcase> <!-- C346_verifyerrormsgboxcolor -->
  <system-out/>
  <testcase classname="icivics_testcases.I12_EducatorRegistration2_Test" name="C347_verifyvalidsubmission" time="0.000">
    <skipped/>
  </testcase> <!-- C347_verifyvalidsubmission -->
  <system-out/>
</testsuite> <!-- icivics_testcases.I12_EducatorRegistration2_Test -->
