<?xml version="1.0" encoding="UTF-8"?>
<!-- Generated by org.testng.reporters.JUnitReportReporter -->
<testsuite skipped="0" hostname="AMX-RL-20-348-W" name="icivics_testcases.I36_HP_5HeaderMyicivicsMisc_Test" tests="12" failures="0" timestamp="2022-07-08T01:34:04 IST" time="343.100" errors="0">
  <testcase name="C29_Verifydonatebutton" time="22.561" classname="icivics_testcases.I36_HP_5HeaderMyicivicsMisc_Test"/>
  <system-out/>
  <testcase name="C30_Verifydonatebuttonclick" time="50.029" classname="icivics_testcases.I36_HP_5HeaderMyicivicsMisc_Test"/>
  <system-out/>
  <testcase name="C31_Verifyshopbutton" time="18.006" classname="icivics_testcases.I36_HP_5HeaderMyicivicsMisc_Test"/>
  <system-out/>
  <testcase name="C32_Verifyshopbuttonclick" time="26.954" classname="icivics_testcases.I36_HP_5HeaderMyicivicsMisc_Test"/>
  <system-out/>
  <testcase name="C34_VerifyIcivicsbutton" time="21.638" classname="icivics_testcases.I36_HP_5HeaderMyicivicsMisc_Test"/>
  <system-out/>
  <testcase name="C35_Verifytheavatar" time="21.165" classname="icivics_testcases.I36_HP_5HeaderMyicivicsMisc_Test"/>
  <system-out/>
  <testcase name="C35_Verifythenoavatar" time="20.104" classname="icivics_testcases.I36_HP_5HeaderMyicivicsMisc_Test"/>
  <system-out/>
  <testcase name="C36_VerifyIcivicssubmenu" time="15.706" classname="icivics_testcases.I36_HP_5HeaderMyicivicsMisc_Test"/>
  <system-out/>
  <testcase name="C37_VerifyIcivicssubmenu" time="15.478" classname="icivics_testcases.I36_HP_5HeaderMyicivicsMisc_Test"/>
  <system-out/>
  <testcase name="C39_Myicivicsbuttonelementsverification" time="49.972" classname="icivics_testcases.I36_HP_5HeaderMyicivicsMisc_Test"/>
  <system-out/>
  <testcase name="C41_verifyselectpageisunderlined" time="59.504" classname="icivics_testcases.I36_HP_5HeaderMyicivicsMisc_Test"/>
  <system-out/>
  <testcase name="C42_Verifymyicivicsbuttonsubmenuclose" time="21.983" classname="icivics_testcases.I36_HP_5HeaderMyicivicsMisc_Test"/>
  <system-out/>
</testsuite> <!-- icivics_testcases.I36_HP_5HeaderMyicivicsMisc_Test -->
