<?xml version="1.0" encoding="UTF-8"?>
<!-- Generated by org.testng.reporters.JUnitReportReporter -->
<testsuite hostname="AMX-RL-20-457-W" failures="0" tests="13" name="icivics_testcases.I22_StudentRegistration2classcode_Test" time="584.599" errors="0" timestamp="2022-07-08T17:47:32 IST" skipped="0">
  <testcase classname="icivics_testcases.I22_StudentRegistration2classcode_Test" name="C398_verifypagecount2" time="50.219"/>
  <system-out/>
  <testcase classname="icivics_testcases.I22_StudentRegistration2classcode_Test" name="C399_Clickbackbutton" time="53.517"/>
  <system-out/>
  <testcase classname="icivics_testcases.I22_StudentRegistration2classcode_Test" name="C400_verifyfieldsisremembered" time="49.598"/>
  <system-out/>
  <testcase classname="icivics_testcases.I22_StudentRegistration2classcode_Test" name="C403_clickontermsofuselink" time="54.146"/>
  <system-out/>
  <testcase classname="icivics_testcases.I22_StudentRegistration2classcode_Test" name="C404_clickprivacypolicy" time="41.928"/>
  <system-out/>
  <testcase classname="icivics_testcases.I22_StudentRegistration2classcode_Test" name="C405_verifypage2SignUpforEmailsfield" time="37.497"/>
  <system-out/>
  <testcase classname="icivics_testcases.I22_StudentRegistration2classcode_Test" name="C408_hoveronpwdfield" time="41.738"/>
  <system-out/>
  <testcase classname="icivics_testcases.I22_StudentRegistration2classcode_Test" name="C409_VerifyPasswordstrengthmeter" time="35.987"/>
  <system-out/>
  <testcase classname="icivics_testcases.I22_StudentRegistration2classcode_Test" name="C410_VerifyPasswordindicatormatch" time="47.061"/>
  <system-out/>
  <testcase classname="icivics_testcases.I22_StudentRegistration2classcode_Test" name="C412_verifyenterinvaliddata" time="49.415"/>
  <system-out/>
  <testcase classname="icivics_testcases.I22_StudentRegistration2classcode_Test" name="C412_verifytermsofuseandprivacycheckbox" time="43.598"/>
  <system-out/>
  <testcase classname="icivics_testcases.I22_StudentRegistration2classcode_Test" name="C413_verifyblankerrormsg" time="38.164"/>
  <system-out/>
  <testcase classname="icivics_testcases.I22_StudentRegistration2classcode_Test" name="C414_verifypage3loaded" time="41.731"/>
  <system-out/>
</testsuite> <!-- icivics_testcases.I22_StudentRegistration2classcode_Test -->
