<?xml version="1.0" encoding="UTF-8"?>
<!-- Generated by org.testng.reporters.JUnitReportReporter -->
<testsuite skipped="1" hostname="AMX-RL-20-348-W" name="icivics_testcases.I10_EducatorRegistration_Test" tests="7" failures="0" timestamp="2022-07-08T01:34:04 IST" time="694.070" errors="0">
  <testcase name="C321_VerifyallpageElements" time="28.812" classname="icivics_testcases.I10_EducatorRegistration_Test"/>
  <system-out/>
  <testcase name="C322_ButtonHover" time="45.964" classname="icivics_testcases.I10_EducatorRegistration_Test"/>
  <system-out/>
  <testcase name="C323_Verifyallbuttonlinks" time="286.938" classname="icivics_testcases.I10_EducatorRegistration_Test"/>
  <system-out/>
  <testcase name="C323_Verifyallbuttonlinks" time="286.829" classname="icivics_testcases.I10_EducatorRegistration_Test">
    <skipped/>
  </testcase> <!-- C323_Verifyallbuttonlinks -->
  <system-out/>
  <testcase name="C324_WindowResize" time="19.097" classname="icivics_testcases.I10_EducatorRegistration_Test"/>
  <system-out/>
  <testcase name="C325_Verifyerrormsg" time="12.041" classname="icivics_testcases.I10_EducatorRegistration_Test"/>
  <system-out/>
  <testcase name="C326_Verifybreadcrumbs" time="14.389" classname="icivics_testcases.I10_EducatorRegistration_Test"/>
  <system-out/>
</testsuite> <!-- icivics_testcases.I10_EducatorRegistration_Test -->
