<?xml version="1.0" encoding="UTF-8"?>
<!-- Generated by org.testng.reporters.JUnitReportReporter -->
<testsuite hostname="AMX-RL-20-608-W" failures="0" tests="14" name="icivics_testcases.Icivics_EducatorRegistration4_Test" time="457.528" errors="0" timestamp="2022-06-20T14:26:17 IST" skipped="0">
  <testcase classname="icivics_testcases.Icivics_EducatorRegistration4_Test" name="C358_verifybreadcrumbspage4" time="52.928"/>
  <system-out/>
  <testcase classname="icivics_testcases.Icivics_EducatorRegistration4_Test" name="C359_verifypreviouspage" time="34.780"/>
  <system-out/>
  <testcase classname="icivics_testcases.Icivics_EducatorRegistration4_Test" name="C360_verifyalldataremembered" time="30.480"/>
  <system-out/>
  <testcase classname="icivics_testcases.Icivics_EducatorRegistration4_Test" name="C361_verifyallpage3fields" time="29.458"/>
  <system-out/>
  <testcase classname="icivics_testcases.Icivics_EducatorRegistration4_Test" name="C362_verifySignUpischecked" time="28.766"/>
  <system-out/>
  <testcase classname="icivics_testcases.Icivics_EducatorRegistration4_Test" name="C363_verifyallpage4fields" time="41.818"/>
  <system-out/>
  <testcase classname="icivics_testcases.Icivics_EducatorRegistration4_Test" name="C364_verifyallfieldasterisk" time="28.105"/>
  <system-out/>
  <testcase classname="icivics_testcases.Icivics_EducatorRegistration4_Test" name="C365_verifypasswordtooltips" time="27.559"/>
  <system-out/>
  <testcase classname="icivics_testcases.Icivics_EducatorRegistration4_Test" name="C366_verifypasswordstrengthIndicator" time="28.953"/>
  <system-out/>
  <testcase classname="icivics_testcases.Icivics_EducatorRegistration4_Test" name="C367_verifypasswordIndicatormatch" time="28.065"/>
  <system-out/>
  <testcase classname="icivics_testcases.Icivics_EducatorRegistration4_Test" name="C368_verifyallfieldswithinvaliddata" time="31.599"/>
  <system-out/>
  <testcase classname="icivics_testcases.Icivics_EducatorRegistration4_Test" name="C369_verifyallfieldswithblankdata" time="30.475"/>
  <system-out/>
  <testcase classname="icivics_testcases.Icivics_EducatorRegistration4_Test" name="C370_verifyallfieldswithblankandinvaliddata" time="30.410"/>
  <system-out/>
  <testcase classname="icivics_testcases.Icivics_EducatorRegistration4_Test" name="C371_verifyvalidsubmission" time="34.132"/>
  <system-out/>
</testsuite> <!-- icivics_testcases.Icivics_EducatorRegistration4_Test -->
