<?xml version="1.0" encoding="UTF-8"?>
<!-- Generated by org.testng.reporters.JUnitReportReporter -->
<testsuite skipped="0" hostname="AMX-RL-20-348-W" name="icivics_testcases.I30_HP_1Header_Test" tests="4" failures="0" timestamp="2022-07-08T01:34:04 IST" time="120.593" errors="0">
  <testcase name="C1_VerifyLogo" time="18.092" classname="icivics_testcases.I30_HP_1Header_Test"/>
  <system-out/>
  <testcase name="C2_VerifyHeaderbuttonforanonymoususer" time="35.104" classname="icivics_testcases.I30_HP_1Header_Test"/>
  <system-out/>
  <testcase name="C2_VerifyHeaderbuttonforauthenticateduser" time="48.452" classname="icivics_testcases.I30_HP_1Header_Test"/>
  <system-out/>
  <testcase name="C1538_Verifydonationpopup" time="18.945" classname="icivics_testcases.I30_HP_1Header_Test"/>
  <system-out/>
</testsuite> <!-- icivics_testcases.I30_HP_1Header_Test -->
