<?xml version="1.0" encoding="UTF-8"?>
<!-- Generated by org.testng.reporters.JUnitReportReporter -->
<testsuite hostname="AMX-RL-20-348-W" failures="0" tests="14" name="icivics_testcases.I14_EducatorRegistration4_Test" time="0.000" errors="0" timestamp="2022-07-08T00:02:29 IST" skipped="14">
  <testcase classname="icivics_testcases.I14_EducatorRegistration4_Test" name="C358_verifybreadcrumbspage4" time="0.000">
    <skipped/>
  </testcase> <!-- C358_verifybreadcrumbspage4 -->
  <system-out/>
  <testcase classname="icivics_testcases.I14_EducatorRegistration4_Test" name="C359_verifypreviouspage" time="0.000">
    <skipped/>
  </testcase> <!-- C359_verifypreviouspage -->
  <system-out/>
  <testcase classname="icivics_testcases.I14_EducatorRegistration4_Test" name="C360_verifyalldataremembered" time="0.000">
    <skipped/>
  </testcase> <!-- C360_verifyalldataremembered -->
  <system-out/>
  <testcase classname="icivics_testcases.I14_EducatorRegistration4_Test" name="C361_verifyallpage3fields" time="0.000">
    <skipped/>
  </testcase> <!-- C361_verifyallpage3fields -->
  <system-out/>
  <testcase classname="icivics_testcases.I14_EducatorRegistration4_Test" name="C362_verifySignUpischecked" time="0.000">
    <skipped/>
  </testcase> <!-- C362_verifySignUpischecked -->
  <system-out/>
  <testcase classname="icivics_testcases.I14_EducatorRegistration4_Test" name="C363_verifyallpage4fields" time="0.000">
    <skipped/>
  </testcase> <!-- C363_verifyallpage4fields -->
  <system-out/>
  <testcase classname="icivics_testcases.I14_EducatorRegistration4_Test" name="C364_verifyallfieldasterisk" time="0.000">
    <skipped/>
  </testcase> <!-- C364_verifyallfieldasterisk -->
  <system-out/>
  <testcase classname="icivics_testcases.I14_EducatorRegistration4_Test" name="C365_verifypasswordtooltips" time="0.000">
    <skipped/>
  </testcase> <!-- C365_verifypasswordtooltips -->
  <system-out/>
  <testcase classname="icivics_testcases.I14_EducatorRegistration4_Test" name="C366_verifypasswordstrengthIndicator" time="0.000">
    <skipped/>
  </testcase> <!-- C366_verifypasswordstrengthIndicator -->
  <system-out/>
  <testcase classname="icivics_testcases.I14_EducatorRegistration4_Test" name="C367_verifypasswordIndicatormatch" time="0.000">
    <skipped/>
  </testcase> <!-- C367_verifypasswordIndicatormatch -->
  <system-out/>
  <testcase classname="icivics_testcases.I14_EducatorRegistration4_Test" name="C368_verifyallfieldswithinvaliddata" time="0.000">
    <skipped/>
  </testcase> <!-- C368_verifyallfieldswithinvaliddata -->
  <system-out/>
  <testcase classname="icivics_testcases.I14_EducatorRegistration4_Test" name="C369_verifyallfieldswithblankdata" time="0.000">
    <skipped/>
  </testcase> <!-- C369_verifyallfieldswithblankdata -->
  <system-out/>
  <testcase classname="icivics_testcases.I14_EducatorRegistration4_Test" name="C370_verifyallfieldswithblankandinvaliddata" time="0.000">
    <skipped/>
  </testcase> <!-- C370_verifyallfieldswithblankandinvaliddata -->
  <system-out/>
  <testcase classname="icivics_testcases.I14_EducatorRegistration4_Test" name="C371_verifyvalidsubmission" time="0.000">
    <skipped/>
  </testcase> <!-- C371_verifyvalidsubmission -->
  <system-out/>
</testsuite> <!-- icivics_testcases.I14_EducatorRegistration4_Test -->
