<?xml version="1.0" encoding="UTF-8"?>
<!-- Generated by org.testng.reporters.JUnitReportReporter -->
<testsuite hostname="AMX-RL-20-439-W" failures="0" tests="1" name="enfamil.testcases.SP_SCE1_001_SearchPage" time="20.820" errors="0" timestamp="30 Sep 2021 16:45:58 GMT" skipped="0">
  <testcase classname="enfamil.testcases.SP_SCE1_001_SearchPage" name="Search" time="20.820"/>
</testsuite> <!-- enfamil.testcases.SP_SCE1_001_SearchPage -->
