<?xml version="1.0" encoding="UTF-8"?>
<!-- Generated by org.testng.reporters.JUnitReportReporter -->
<testsuite hostname="AMX-RL-20-608-W" failures="0" tests="6" name="icivics_testcases.Icivics_StudentRegistration3Email_Test" time="123.605" errors="0" timestamp="2022-06-20T14:26:17 IST" skipped="0">
  <testcase classname="icivics_testcases.Icivics_StudentRegistration3Email_Test" name="C372_verifypagecount3" time="19.453"/>
  <system-out/>
  <testcase classname="icivics_testcases.Icivics_StudentRegistration3Email_Test" name="C373_verifycheckmsgdisplay" time="18.069"/>
  <system-out/>
  <testcase classname="icivics_testcases.Icivics_StudentRegistration3Email_Test" name="C375_verifyregisteredemaildisplay" time="17.789"/>
  <system-out/>
  <testcase classname="icivics_testcases.Icivics_StudentRegistration3Email_Test" name="C374_verifycheckmsgdisplay" time="18.398"/>
  <system-out/>
  <testcase classname="icivics_testcases.Icivics_StudentRegistration3Email_Test" name="C377_verifyconfirmationemail" time="25.431"/>
  <system-out/>
  <testcase classname="icivics_testcases.Icivics_StudentRegistration3Email_Test" name="C376_verifyresendbutton" time="24.465"/>
  <system-out/>
</testsuite> <!-- icivics_testcases.Icivics_StudentRegistration3Email_Test -->
