<?xml version="1.0" encoding="UTF-8"?>
<!-- Generated by org.testng.reporters.JUnitReportReporter -->
<testsuite hostname="AMX-RL-20-457-W" failures="0" tests="13" name="icivics_testcases.I23_StudentRegistration2Email_Test" time="478.206" errors="0" timestamp="2022-07-08T17:47:32 IST" skipped="0">
  <testcase classname="icivics_testcases.I23_StudentRegistration2Email_Test" name="C398_verifypagecount2" time="39.905"/>
  <system-out/>
  <testcase classname="icivics_testcases.I23_StudentRegistration2Email_Test" name="C399_Clickbackbutton" time="39.778"/>
  <system-out/>
  <testcase classname="icivics_testcases.I23_StudentRegistration2Email_Test" name="C400_verifyfieldsisremembered" time="32.119"/>
  <system-out/>
  <testcase classname="icivics_testcases.I23_StudentRegistration2Email_Test" name="C403_clickontermsofuselink" time="59.321"/>
  <system-out/>
  <testcase classname="icivics_testcases.I23_StudentRegistration2Email_Test" name="C404_clickprivacypolicy" time="45.739"/>
  <system-out/>
  <testcase classname="icivics_testcases.I23_StudentRegistration2Email_Test" name="C405_verifypage2SignUpforEmailsfield" time="18.375"/>
  <system-out/>
  <testcase classname="icivics_testcases.I23_StudentRegistration2Email_Test" name="C408_hoveronpwdfield" time="29.481"/>
  <system-out/>
  <testcase classname="icivics_testcases.I23_StudentRegistration2Email_Test" name="C409_VerifyPasswordstrengthmeter" time="38.933"/>
  <system-out/>
  <testcase classname="icivics_testcases.I23_StudentRegistration2Email_Test" name="C410_VerifyPasswordindicatormatch" time="35.206"/>
  <system-out/>
  <testcase classname="icivics_testcases.I23_StudentRegistration2Email_Test" name="C412_verifyenterinvaliddata" time="40.569"/>
  <system-out/>
  <testcase classname="icivics_testcases.I23_StudentRegistration2Email_Test" name="C412_verifytermsofuseandprivacycheckbox" time="38.143"/>
  <system-out/>
  <testcase classname="icivics_testcases.I23_StudentRegistration2Email_Test" name="C413_verifyblankerrormsg" time="32.912"/>
  <system-out/>
  <testcase classname="icivics_testcases.I23_StudentRegistration2Email_Test" name="C414_verifypage3loaded" time="27.725"/>
  <system-out/>
</testsuite> <!-- icivics_testcases.I23_StudentRegistration2Email_Test -->
