<?xml version="1.0" encoding="UTF-8"?>
<!-- Generated by org.testng.reporters.JUnitReportReporter -->
<testsuite hostname="AMX-RL-20-439-W" failures="0" tests="1" name="enfamil.testcases.SCE55_LiveChat" time="46.561" errors="0" timestamp="01 Oct 2021 15:11:30 GMT" skipped="0">
  <testcase classname="enfamil.testcases.SCE55_LiveChat" name="SCE55_Livechat" time="46.561"/>
</testsuite> <!-- enfamil.testcases.SCE55_LiveChat -->
