<?xml version="1.0" encoding="UTF-8"?>
<!-- Generated by org.testng.reporters.JUnitReportReporter -->
<testsuite hostname="AMX-RL-20-439-W" failures="0" tests="1" name="enfamil.testcases.SCE32_SearchPage" time="20.570" errors="0" timestamp="01 Oct 2021 10:13:02 GMT" skipped="0">
  <testcase classname="enfamil.testcases.SCE32_SearchPage" name="SCE32_Searchpage" time="20.570"/>
</testsuite> <!-- enfamil.testcases.SCE32_SearchPage -->
