<?xml version="1.0" encoding="UTF-8"?>
<!-- Generated by org.testng.reporters.JUnitReportReporter -->
<testsuite hostname="AMX-RL-20-348-W" failures="0" tests="6" name="icivics_testcases.I15_EducatorRegistration5_Test" time="0.000" errors="0" timestamp="2022-07-08T00:02:29 IST" skipped="6">
  <testcase classname="icivics_testcases.I15_EducatorRegistration5_Test" name="C372_verifybreadcrumbspage5" time="0.000">
    <skipped/>
  </testcase> <!-- C372_verifybreadcrumbspage5 -->
  <system-out/>
  <testcase classname="icivics_testcases.I15_EducatorRegistration5_Test" name="C373_verifywelcomemessage" time="0.000">
    <skipped/>
  </testcase> <!-- C373_verifywelcomemessage -->
  <system-out/>
  <testcase classname="icivics_testcases.I15_EducatorRegistration5_Test" name="C374_verifyconfirmationemail" time="0.000">
    <skipped/>
  </testcase> <!-- C374_verifyconfirmationemail -->
  <system-out/>
  <testcase classname="icivics_testcases.I15_EducatorRegistration5_Test" name="C375_verifyconfirmationemail" time="0.000">
    <skipped/>
  </testcase> <!-- C375_verifyconfirmationemail -->
  <system-out/>
  <testcase classname="icivics_testcases.I15_EducatorRegistration5_Test" name="C376_verifyresendbutton" time="0.000">
    <skipped/>
  </testcase> <!-- C376_verifyresendbutton -->
  <system-out/>
  <testcase classname="icivics_testcases.I15_EducatorRegistration5_Test" name="C377_verifynotification" time="0.000">
    <skipped/>
  </testcase> <!-- C377_verifynotification -->
  <system-out/>
</testsuite> <!-- icivics_testcases.I15_EducatorRegistration5_Test -->
