<?xml version="1.0" encoding="UTF-8"?>
<!-- Generated by org.testng.reporters.JUnitReportReporter -->
<testsuite hostname="AMX-RL-20-457-W" failures="0" tests="6" name="icivics_testcases.Pg1TeacherRegistration_Test" time="275.303" errors="0" timestamp="2022-07-20T18:24:44 IST" skipped="0">
  <testcase classname="icivics_testcases.Pg1TeacherRegistration_Test" name="C545_VerifyTeacherregistrationpage1" time="40.713"/>
  <system-out/>
  <testcase classname="icivics_testcases.Pg1TeacherRegistration_Test" name="C546_Verifyroleandgradefield" time="49.469"/>
  <system-out/>
  <testcase classname="icivics_testcases.Pg1TeacherRegistration_Test" name="C547_Verifyroleandgradefield" time="49.305"/>
  <system-out/>
  <testcase classname="icivics_testcases.Pg1TeacherRegistration_Test" name="C548_Verifyleavegradeboxesunchecked" time="43.801"/>
  <system-out/>
  <testcase classname="icivics_testcases.Pg1TeacherRegistration_Test" name="C549_Verifyleaverolenoneselected" time="41.551"/>
  <system-out/>
  <testcase classname="icivics_testcases.Pg1TeacherRegistration_Test" name="C550_Verifyenterwithvaliddata" time="50.464"/>
  <system-out/>
</testsuite> <!-- icivics_testcases.Pg1TeacherRegistration_Test -->
