<?xml version="1.0" encoding="UTF-8"?>
<!-- Generated by org.testng.reporters.JUnitReportReporter -->
<testsuite hostname="AMX-RL-20-348-W" failures="0" tests="6" name="icivics_testcases.I24_StudentRegistration3classcode_Test" time="122.842" errors="0" timestamp="2022-07-07T18:40:07 IST" skipped="0">
  <testcase classname="icivics_testcases.I24_StudentRegistration3classcode_Test" name="C454_verifypagecount3" time="19.120"/>
  <system-out/>
  <testcase classname="icivics_testcases.I24_StudentRegistration3classcode_Test" name="C455_verifyusernamegenerateddisplay" time="19.772"/>
  <system-out/>
  <testcase classname="icivics_testcases.I24_StudentRegistration3classcode_Test" name="C456_verifyusernametextddisplay" time="18.208"/>
  <system-out/>
  <testcase classname="icivics_testcases.I24_StudentRegistration3classcode_Test" name="C457_verifyemailddisplay" time="22.547"/>
  <system-out/>
  <testcase classname="icivics_testcases.I24_StudentRegistration3classcode_Test" name="C458_verifyemailtextddisplay" time="20.782"/>
  <system-out/>
  <testcase classname="icivics_testcases.I24_StudentRegistration3classcode_Test" name="C459_clickcontinuetomyassignmentbutton" time="22.413"/>
  <system-out/>
</testsuite> <!-- icivics_testcases.I24_StudentRegistration3classcode_Test -->
