<?xml version="1.0" encoding="UTF-8"?>
<!-- Generated by org.testng.reporters.JUnitReportReporter -->
<testsuite hostname="AMX-RL-20-439-W" failures="0" tests="1" name="enfamil.testcases.SCE33_SearchPage" time="31.266" errors="0" timestamp="01 Oct 2021 10:31:54 GMT" skipped="0">
  <testcase classname="enfamil.testcases.SCE33_SearchPage" name="SCE33_Searchpage" time="31.266"/>
</testsuite> <!-- enfamil.testcases.SCE33_SearchPage -->
