<?xml version="1.0" encoding="UTF-8"?>
<!-- Generated by org.testng.reporters.JUnitReportReporter -->
<testsuite hostname="AMX-RL-20-457-W" failures="0" tests="11" name="icivics_testcases.I20_StudentRegistration1classcode_Test" time="366.322" errors="0" timestamp="2022-07-08T17:47:32 IST" skipped="0">
  <testcase classname="icivics_testcases.I20_StudentRegistration1classcode_Test" name="C425_verifyemailfieldsappear" time="29.379"/>
  <system-out/>
  <testcase classname="icivics_testcases.I20_StudentRegistration1classcode_Test" name="C426_verifyemailtooltips" time="25.549"/>
  <system-out/>
  <testcase classname="icivics_testcases.I20_StudentRegistration1classcode_Test" name="C427_verifyemailfieldsdisappear" time="47.278"/>
  <system-out/>
  <testcase classname="icivics_testcases.I20_StudentRegistration1classcode_Test" name="C428_verifyusernamepregenerated" time="31.632"/>
  <system-out/>
  <testcase classname="icivics_testcases.I20_StudentRegistration1classcode_Test" name="C429_usernamegeneratedrandomly" time="32.075"/>
  <system-out/>
  <testcase classname="icivics_testcases.I20_StudentRegistration1classcode_Test" name="C430_verifyregistrationwithvaliddata" time="34.224"/>
  <system-out/>
  <testcase classname="icivics_testcases.I20_StudentRegistration1classcode_Test" name="C431_verifyAsteriks" time="24.289"/>
  <system-out/>
  <testcase classname="icivics_testcases.I20_StudentRegistration1classcode_Test" name="C432_verifyinvaliderrormsg" time="32.637"/>
  <system-out/>
  <testcase classname="icivics_testcases.I20_StudentRegistration1classcode_Test" name="C433_verifyerrormsgverifyemailblankfield" time="73.204"/>
  <system-out/>
  <testcase classname="icivics_testcases.I20_StudentRegistration1classcode_Test" name="C434_verifyinvaliderrormsg2" time="13.505"/>
  <system-out/>
  <testcase classname="icivics_testcases.I20_StudentRegistration1classcode_Test" name="C435_verifyregistrationwithvalidvalue" time="22.550"/>
  <system-out/>
</testsuite> <!-- icivics_testcases.I20_StudentRegistration1classcode_Test -->
