<?xml version="1.0" encoding="UTF-8"?>
<!-- Generated by org.testng.reporters.JUnitReportReporter -->
<testsuite hostname="AMX-RL-20-348-W" failures="0" tests="8" name="icivics_testcases.I13_EducatorRegistration3_Test" time="185.647" errors="0" timestamp="2022-07-07T18:40:07 IST" skipped="0">
  <testcase classname="icivics_testcases.I13_EducatorRegistration3_Test" name="C348_verifybreadcrumbspage3" time="16.574"/>
  <system-out/>
  <testcase classname="icivics_testcases.I13_EducatorRegistration3_Test" name="C349_verifypreviouspage" time="18.182"/>
  <system-out/>
  <testcase classname="icivics_testcases.I13_EducatorRegistration3_Test" name="C350_verifyalldataremembered" time="20.504"/>
  <system-out/>
  <testcase classname="icivics_testcases.I13_EducatorRegistration3_Test" name="C351_verifyallpage3fields" time="31.296"/>
  <system-out/>
  <testcase classname="icivics_testcases.I13_EducatorRegistration3_Test" name="C352_verifyallfieldsallowtoentertextandmakeselection" time="38.226"/>
  <system-out/>
  <testcase classname="icivics_testcases.I13_EducatorRegistration3_Test" name="C354_verifyallfieldswithinvaliddata" time="21.836"/>
  <system-out/>
  <testcase classname="icivics_testcases.I13_EducatorRegistration3_Test" name="C355_verifyallfieldswithblankfield" time="16.879"/>
  <system-out/>
  <testcase classname="icivics_testcases.I13_EducatorRegistration3_Test" name="C357_verifyvalidsubmission" time="22.150"/>
  <system-out/>
</testsuite> <!-- icivics_testcases.I13_EducatorRegistration3_Test -->
