<?xml version="1.0" encoding="UTF-8"?>
<!-- Generated by org.testng.reporters.JUnitReportReporter -->
<testsuite hostname="AMX-RL-20-348-W" failures="0" tests="11" name="icivics_testcases.Icivics2_EducatorRegistration1_Test" time="125.672" errors="0" timestamp="2022-07-07T13:58:42 IST" skipped="0">
  <testcase classname="icivics_testcases.Icivics2_EducatorRegistration1_Test" name="C327_verifybreadcrumbspage1" time="3.726"/>
  <system-out/>
  <testcase classname="icivics_testcases.Icivics2_EducatorRegistration1_Test" name="C328_verifytextfields" time="5.292"/>
  <system-out/>
  <testcase classname="icivics_testcases.Icivics2_EducatorRegistration1_Test" name="C329_verifyusernamepregenerated" time="9.822"/>
  <system-out/>
  <testcase classname="icivics_testcases.Icivics2_EducatorRegistration1_Test" name="C330_verifyusernamepregeneratedrandomly" time="15.871"/>
  <system-out/>
  <testcase classname="icivics_testcases.Icivics2_EducatorRegistration1_Test" name="C331_verifyentertextinallfields" time="5.151"/>
  <system-out/>
  <testcase classname="icivics_testcases.Icivics2_EducatorRegistration1_Test" name="C332_verifyfieldsmarkedwithanasterisk" time="4.833"/>
  <system-out/>
  <testcase classname="icivics_testcases.Icivics2_EducatorRegistration1_Test" name="C333_verifyemailtooltips" time="4.582"/>
  <system-out/>
  <testcase classname="icivics_testcases.Icivics2_EducatorRegistration1_Test" name="C334_verifyemailerrormsg" time="10.243"/>
  <system-out/>
  <testcase classname="icivics_testcases.Icivics2_EducatorRegistration1_Test" name="C335_verifyblankerrormsg" time="40.603"/>
  <system-out/>
  <testcase classname="icivics_testcases.Icivics2_EducatorRegistration1_Test" name="C336_verifyinvaliderrormsg" time="11.010"/>
  <system-out/>
  <testcase classname="icivics_testcases.Icivics2_EducatorRegistration1_Test" name="C337_verifyvalidregistration" time="14.539"/>
  <system-out/>
</testsuite> <!-- icivics_testcases.Icivics2_EducatorRegistration1_Test -->
