<?xml version="1.0" encoding="UTF-8"?>
<!-- Generated by org.testng.reporters.JUnitReportReporter -->
<testsuite hostname="AMX-RL-20-457-W" failures="0" tests="1" name="icivics_testcases.GoogleRegistration_Test" time="66.777" errors="0" timestamp="2022-07-12T16:10:50 IST" skipped="0">
  <testcase classname="icivics_testcases.GoogleRegistration_Test" name="C546_Verifyregistrationwithalreadyregisteredid" time="66.777"/>
  <system-out/>
</testsuite> <!-- icivics_testcases.GoogleRegistration_Test -->
