<?xml version="1.0" encoding="UTF-8"?>
<!-- Generated by org.testng.reporters.JUnitReportReporter -->
<testsuite hostname="AMX-RL-20-439-W" failures="0" tests="1" name="enfamil.testcases.SCE1_Login_Logout" time="0.000" errors="0" timestamp="03 Mar 2022 07:31:57 GMT" skipped="1">
  <testcase classname="enfamil.testcases.SCE1_Login_Logout" name="ClickLogin" time="0.000">
    <skipped/>
  </testcase> <!-- ClickLogin -->
</testsuite> <!-- enfamil.testcases.SCE1_Login_Logout -->
