<?xml version="1.0" encoding="UTF-8"?>
<!-- Generated by org.testng.reporters.JUnitReportReporter -->
<testsuite hostname="AMX-RL-20-348-W" failures="0" tests="1" name="icivics_testcases.I34_HP_3Headerteach2_Test" time="72.219" errors="0" timestamp="2022-07-07T18:40:07 IST" skipped="0">
  <testcase classname="icivics_testcases.I34_HP_3Headerteach2_Test" name="C19_Verifyteachsubmenu" time="72.219"/>
  <system-out/>
</testsuite> <!-- icivics_testcases.I34_HP_3Headerteach2_Test -->
