<?xml version="1.0" encoding="UTF-8"?>
<!-- Generated by org.testng.reporters.JUnitReportReporter -->
<testsuite hostname="AMX-RL-20-457-W" failures="0" tests="1" name="testcases.Icivics_EducatorRegistration1_Test" time="43.931" errors="0" timestamp="29 Apr 2022 12:17:09 GMT" skipped="0">
  <testcase classname="testcases.Icivics_EducatorRegistration1_Test" name="educatorregistration1" time="43.931"/>
</testsuite> <!-- testcases.Icivics_EducatorRegistration1_Test -->
