<?xml version="1.0" encoding="UTF-8"?>
<!-- Generated by org.testng.reporters.JUnitReportReporter -->
<testsuite hostname="AMX-RL-20-348-W" failures="0" tests="13" name="icivics_testcases.I21_StudentRegistration1Email_Test" time="161.896" errors="0" timestamp="2022-07-07T18:40:07 IST" skipped="0">
  <testcase classname="icivics_testcases.I21_StudentRegistration1Email_Test" name="C383_Verifybreadcrumbs" time="4.176"/>
  <system-out/>
  <testcase classname="icivics_testcases.I21_StudentRegistration1Email_Test" name="C384_Verifybreadcrumbspage" time="4.267"/>
  <system-out/>
  <testcase classname="icivics_testcases.I21_StudentRegistration1Email_Test" name="C385_Verifyvideolink" time="16.544"/>
  <system-out/>
  <testcase classname="icivics_testcases.I21_StudentRegistration1Email_Test" name="C387_verifytextfields" time="6.693"/>
  <system-out/>
  <testcase classname="icivics_testcases.I21_StudentRegistration1Email_Test" name="C388_verifyusernamepregenerated" time="13.482"/>
  <system-out/>
  <testcase classname="icivics_testcases.I21_StudentRegistration1Email_Test" name="C389_verifyusernamepregeneratedrandomly" time="15.959"/>
  <system-out/>
  <testcase classname="icivics_testcases.I21_StudentRegistration1Email_Test" name="C390_verifyentertextinallfields" time="7.863"/>
  <system-out/>
  <testcase classname="icivics_testcases.I21_StudentRegistration1Email_Test" name="C391_verifyfieldsmarkedwithanasterisk" time="4.698"/>
  <system-out/>
  <testcase classname="icivics_testcases.I21_StudentRegistration1Email_Test" name="C392_verifyemailtooltips" time="5.160"/>
  <system-out/>
  <testcase classname="icivics_testcases.I21_StudentRegistration1Email_Test" name="C393_verifyemailerrormsg" time="10.014"/>
  <system-out/>
  <testcase classname="icivics_testcases.I21_StudentRegistration1Email_Test" name="C394_verifyblankerrormsg" time="41.547"/>
  <system-out/>
  <testcase classname="icivics_testcases.I21_StudentRegistration1Email_Test" name="C396_verifyvalidregistration" time="15.343"/>
  <system-out/>
  <testcase classname="icivics_testcases.I21_StudentRegistration1Email_Test" name="C397_Verifyclasscodelink" time="16.150"/>
  <system-out/>
</testsuite> <!-- icivics_testcases.I21_StudentRegistration1Email_Test -->
