<?xml version="1.0" encoding="UTF-8"?>
<!-- Generated by org.testng.reporters.JUnitReportReporter -->
<testsuite hostname="AMX-RL-20-608-W" failures="0" tests="1" name="enfamil.testcases.EnspireForm_Test" time="15.695" errors="0" timestamp="23 Mar 2022 14:18:39 GMT" skipped="0">
  <testcase classname="enfamil.testcases.EnspireForm_Test" name="EnspireFormTest" time="15.695"/>
</testsuite> <!-- enfamil.testcases.EnspireForm_Test -->
