<?xml version="1.0" encoding="UTF-8"?>
<!-- Generated by org.testng.reporters.JUnitReportReporter -->
<testsuite skipped="0" hostname="AMX-RL-20-348-W" name="icivics_testcases.I33_HP_3HeaderTeach_Test" tests="4" failures="0" timestamp="2022-07-08T01:34:04 IST" time="115.890" errors="0">
  <testcase name="C15_Verifyteachsubmenu" time="15.967" classname="icivics_testcases.I33_HP_3HeaderTeach_Test"/>
  <system-out/>
  <testcase name="C16_Verifysubmenucount" time="12.525" classname="icivics_testcases.I33_HP_3HeaderTeach_Test"/>
  <system-out/>
  <testcase name="C17_Verifyteachbuttonelements" time="75.346" classname="icivics_testcases.I33_HP_3HeaderTeach_Test"/>
  <system-out/>
  <testcase name="C20_verifyclickteachbuttonagain" time="12.052" classname="icivics_testcases.I33_HP_3HeaderTeach_Test"/>
  <system-out/>
</testsuite> <!-- icivics_testcases.I33_HP_3HeaderTeach_Test -->
