<?xml version="1.0" encoding="UTF-8"?>
<!-- Generated by org.testng.reporters.JUnitReportReporter -->
<testsuite hostname="AMX-RL-20-439-W" failures="0" tests="1" name="enfamil.testcases.CU_SCE1_001_Contactus" time="78.677" errors="0" timestamp="23 Nov 2021 10:54:46 GMT" skipped="0">
  <testcase classname="enfamil.testcases.CU_SCE1_001_Contactus" name="ClickLogin" time="78.677"/>
</testsuite> <!-- enfamil.testcases.CU_SCE1_001_Contactus -->
