<?xml version="1.0" encoding="UTF-8"?>
<!-- Generated by org.testng.reporters.JUnitReportReporter -->
<testsuite hostname="AMX-RL-20-608-W" failures="0" tests="13" name="icivics_testcases.Icivics_StudentRegistration1Email_Test" time="191.243" errors="0" timestamp="2022-06-20T14:26:17 IST" skipped="0">
  <testcase classname="icivics_testcases.Icivics_StudentRegistration1Email_Test" name="C383_Verifybreadcrumbs" time="5.271"/>
  <system-out/>
  <testcase classname="icivics_testcases.Icivics_StudentRegistration1Email_Test" name="C384_Verifybreadcrumbspage" time="5.277"/>
  <system-out/>
  <testcase classname="icivics_testcases.Icivics_StudentRegistration1Email_Test" name="C385_Verifyvideolink" time="25.046"/>
  <system-out/>
  <testcase classname="icivics_testcases.Icivics_StudentRegistration1Email_Test" name="C387_verifytextfields" time="10.478"/>
  <system-out/>
  <testcase classname="icivics_testcases.Icivics_StudentRegistration1Email_Test" name="C388_verifyusernamepregenerated" time="11.723"/>
  <system-out/>
  <testcase classname="icivics_testcases.Icivics_StudentRegistration1Email_Test" name="C389_verifyusernamepregeneratedrandomly" time="17.674"/>
  <system-out/>
  <testcase classname="icivics_testcases.Icivics_StudentRegistration1Email_Test" name="C390_verifyentertextinallfields" time="11.168"/>
  <system-out/>
  <testcase classname="icivics_testcases.Icivics_StudentRegistration1Email_Test" name="C391_verifyfieldsmarkedwithanasterisk" time="7.073"/>
  <system-out/>
  <testcase classname="icivics_testcases.Icivics_StudentRegistration1Email_Test" name="C392_verifyemailtooltips" time="6.463"/>
  <system-out/>
  <testcase classname="icivics_testcases.Icivics_StudentRegistration1Email_Test" name="C393_verifyemailerrormsg" time="15.299"/>
  <system-out/>
  <testcase classname="icivics_testcases.Icivics_StudentRegistration1Email_Test" name="C394_verifyblankerrormsg" time="47.125"/>
  <system-out/>
  <testcase classname="icivics_testcases.Icivics_StudentRegistration1Email_Test" name="C396_verifyvalidregistration" time="18.683"/>
  <system-out/>
  <testcase classname="icivics_testcases.Icivics_StudentRegistration1Email_Test" name="C397_Verifyclasscodelink" time="9.963"/>
  <system-out/>
</testsuite> <!-- icivics_testcases.Icivics_StudentRegistration1Email_Test -->
