<?xml version="1.0" encoding="UTF-8"?>
<!-- Generated by org.testng.reporters.JUnitReportReporter -->
<testsuite hostname="AMX-RL-20-457-W" failures="0" tests="1" name="testcases.Homepage_Test" time="12.458" errors="0" timestamp="25 Apr 2022 16:06:20 GMT" skipped="0">
  <testcase classname="testcases.Homepage_Test" name="HomepageTest" time="12.458"/>
</testsuite> <!-- testcases.Homepage_Test -->
