<?xml version="1.0" encoding="UTF-8"?>
<!-- Generated by org.testng.reporters.JUnitReportReporter -->
<testsuite hostname="AMX-RL-20-348-W" failures="0" tests="11" name="icivics_testcases.I11_EducatorRegistration1_Test" time="0.000" errors="0" timestamp="2022-07-08T00:02:29 IST" skipped="11">
  <testcase classname="icivics_testcases.I11_EducatorRegistration1_Test" name="C327_verifybreadcrumbspage1" time="0.000">
    <skipped/>
  </testcase> <!-- C327_verifybreadcrumbspage1 -->
  <system-out/>
  <testcase classname="icivics_testcases.I11_EducatorRegistration1_Test" name="C328_verifytextfields" time="0.000">
    <skipped/>
  </testcase> <!-- C328_verifytextfields -->
  <system-out/>
  <testcase classname="icivics_testcases.I11_EducatorRegistration1_Test" name="C329_verifyusernamepregenerated" time="0.000">
    <skipped/>
  </testcase> <!-- C329_verifyusernamepregenerated -->
  <system-out/>
  <testcase classname="icivics_testcases.I11_EducatorRegistration1_Test" name="C330_verifyusernamepregeneratedrandomly" time="0.000">
    <skipped/>
  </testcase> <!-- C330_verifyusernamepregeneratedrandomly -->
  <system-out/>
  <testcase classname="icivics_testcases.I11_EducatorRegistration1_Test" name="C331_verifyentertextinallfields" time="0.000">
    <skipped/>
  </testcase> <!-- C331_verifyentertextinallfields -->
  <system-out/>
  <testcase classname="icivics_testcases.I11_EducatorRegistration1_Test" name="C332_verifyfieldsmarkedwithanasterisk" time="0.000">
    <skipped/>
  </testcase> <!-- C332_verifyfieldsmarkedwithanasterisk -->
  <system-out/>
  <testcase classname="icivics_testcases.I11_EducatorRegistration1_Test" name="C333_verifyemailtooltips" time="0.000">
    <skipped/>
  </testcase> <!-- C333_verifyemailtooltips -->
  <system-out/>
  <testcase classname="icivics_testcases.I11_EducatorRegistration1_Test" name="C334_verifyemailerrormsg" time="0.000">
    <skipped/>
  </testcase> <!-- C334_verifyemailerrormsg -->
  <system-out/>
  <testcase classname="icivics_testcases.I11_EducatorRegistration1_Test" name="C335_verifyblankerrormsg" time="0.000">
    <skipped/>
  </testcase> <!-- C335_verifyblankerrormsg -->
  <system-out/>
  <testcase classname="icivics_testcases.I11_EducatorRegistration1_Test" name="C336_verifyinvaliderrormsg" time="0.000">
    <skipped/>
  </testcase> <!-- C336_verifyinvaliderrormsg -->
  <system-out/>
  <testcase classname="icivics_testcases.I11_EducatorRegistration1_Test" name="C337_verifyvalidregistration" time="0.000">
    <skipped/>
  </testcase> <!-- C337_verifyvalidregistration -->
  <system-out/>
</testsuite> <!-- icivics_testcases.I11_EducatorRegistration1_Test -->
