<?xml version="1.0" encoding="UTF-8"?>
<!-- Generated by org.testng.reporters.JUnitReportReporter -->
<testsuite skipped="8" hostname="AMX-RL-20-348-W" name="icivics_testcases.I23_StudentRegistration2Email_Test" tests="21" failures="0" timestamp="2022-07-08T01:34:04 IST" time="375.424" errors="0">
  <testcase name="C398_verifypagecount2" time="14.053" classname="icivics_testcases.I23_StudentRegistration2Email_Test"/>
  <system-out/>
  <testcase name="C398_verifypagecount2" time="11.109" classname="icivics_testcases.I23_StudentRegistration2Email_Test">
    <skipped/>
  </testcase> <!-- C398_verifypagecount2 -->
  <system-out/>
  <testcase name="C398_verifypagecount2" time="10.504" classname="icivics_testcases.I23_StudentRegistration2Email_Test">
    <skipped/>
  </testcase> <!-- C398_verifypagecount2 -->
  <system-out/>
  <testcase name="C399_Clickbackbutton" time="19.580" classname="icivics_testcases.I23_StudentRegistration2Email_Test"/>
  <system-out/>
  <testcase name="C400_verifyfieldsisremembered" time="20.224" classname="icivics_testcases.I23_StudentRegistration2Email_Test"/>
  <system-out/>
  <testcase name="C403_clickontermsofuselink" time="39.063" classname="icivics_testcases.I23_StudentRegistration2Email_Test"/>
  <system-out/>
  <testcase name="C404_clickprivacypolicy" time="25.124" classname="icivics_testcases.I23_StudentRegistration2Email_Test"/>
  <system-out/>
  <testcase name="C405_verifypage2SignUpforEmailsfield" time="11.694" classname="icivics_testcases.I23_StudentRegistration2Email_Test"/>
  <system-out/>
  <testcase name="C408_hoveronpwdfield" time="23.398" classname="icivics_testcases.I23_StudentRegistration2Email_Test"/>
  <system-out/>
  <testcase name="C409_VerifyPasswordstrengthmeter" time="8.972" classname="icivics_testcases.I23_StudentRegistration2Email_Test">
    <skipped/>
  </testcase> <!-- C409_VerifyPasswordstrengthmeter -->
  <system-out/>
  <testcase name="C409_VerifyPasswordstrengthmeter" time="19.659" classname="icivics_testcases.I23_StudentRegistration2Email_Test"/>
  <system-out/>
  <testcase name="C409_VerifyPasswordstrengthmeter" time="15.859" classname="icivics_testcases.I23_StudentRegistration2Email_Test">
    <skipped/>
  </testcase> <!-- C409_VerifyPasswordstrengthmeter -->
  <system-out/>
  <testcase name="C410_VerifyPasswordindicatormatch" time="14.785" classname="icivics_testcases.I23_StudentRegistration2Email_Test"/>
  <system-out/>
  <testcase name="C410_VerifyPasswordindicatormatch" time="9.143" classname="icivics_testcases.I23_StudentRegistration2Email_Test">
    <skipped/>
  </testcase> <!-- C410_VerifyPasswordindicatormatch -->
  <system-out/>
  <testcase name="C410_VerifyPasswordindicatormatch" time="11.868" classname="icivics_testcases.I23_StudentRegistration2Email_Test">
    <skipped/>
  </testcase> <!-- C410_VerifyPasswordindicatormatch -->
  <system-out/>
  <testcase name="C412_verifyenterinvaliddata" time="24.569" classname="icivics_testcases.I23_StudentRegistration2Email_Test"/>
  <system-out/>
  <testcase name="C412_verifytermsofuseandprivacycheckbox" time="17.322" classname="icivics_testcases.I23_StudentRegistration2Email_Test"/>
  <system-out/>
  <testcase name="C413_verifyblankerrormsg" time="21.240" classname="icivics_testcases.I23_StudentRegistration2Email_Test"/>
  <system-out/>
  <testcase name="C414_verifypage3loaded" time="24.911" classname="icivics_testcases.I23_StudentRegistration2Email_Test"/>
  <system-out/>
  <testcase name="C414_verifypage3loaded" time="20.055" classname="icivics_testcases.I23_StudentRegistration2Email_Test">
    <skipped/>
  </testcase> <!-- C414_verifypage3loaded -->
  <system-out/>
  <testcase name="C414_verifypage3loaded" time="12.292" classname="icivics_testcases.I23_StudentRegistration2Email_Test">
    <skipped/>
  </testcase> <!-- C414_verifypage3loaded -->
  <system-out/>
</testsuite> <!-- icivics_testcases.I23_StudentRegistration2Email_Test -->
