<?xml version="1.0" encoding="UTF-8"?>
<!-- Generated by org.testng.reporters.JUnitReportReporter -->
<testsuite hostname="AMX-RL-20-457-W" failures="0" tests="1" name="icivics_testcases.Googlesignon_Test" time="95.043" errors="0" timestamp="2022-07-20T16:07:06 IST" skipped="0">
  <testcase classname="icivics_testcases.Googlesignon_Test" name="C541_verifyentercredentails2" time="95.043"/>
  <system-out/>
</testsuite> <!-- icivics_testcases.Googlesignon_Test -->
