<?xml version="1.0" encoding="UTF-8"?>
<!-- Generated by org.testng.reporters.JUnitReportReporter -->
<testsuite hostname="AMX-RL-20-457-W" failures="0" tests="9" name="icivics_testcases.I13_EducatorRegistration3_Test" time="762.001" errors="0" timestamp="2022-07-08T17:47:32 IST" skipped="1">
  <testcase classname="icivics_testcases.I13_EducatorRegistration3_Test" name="C348_verifybreadcrumbspage3" time="100.816"/>
  <system-out/>
  <testcase classname="icivics_testcases.I13_EducatorRegistration3_Test" name="C349_verifypreviouspage" time="76.935"/>
  <system-out/>
  <testcase classname="icivics_testcases.I13_EducatorRegistration3_Test" name="C350_verifyalldataremembered" time="81.334"/>
  <system-out/>
  <testcase classname="icivics_testcases.I13_EducatorRegistration3_Test" name="C351_verifyallpage3fields" time="88.493"/>
  <system-out/>
  <testcase classname="icivics_testcases.I13_EducatorRegistration3_Test" name="C352_verifyallfieldsallowtoentertextandmakeselection" time="156.220">
    <skipped/>
  </testcase> <!-- C352_verifyallfieldsallowtoentertextandmakeselection -->
  <system-out/>
  <testcase classname="icivics_testcases.I13_EducatorRegistration3_Test" name="C352_verifyallfieldsallowtoentertextandmakeselection" time="109.988"/>
  <system-out/>
  <testcase classname="icivics_testcases.I13_EducatorRegistration3_Test" name="C354_verifyallfieldswithinvaliddata" time="55.205"/>
  <system-out/>
  <testcase classname="icivics_testcases.I13_EducatorRegistration3_Test" name="C355_verifyallfieldswithblankfield" time="47.246"/>
  <system-out/>
  <testcase classname="icivics_testcases.I13_EducatorRegistration3_Test" name="C357_verifyvalidsubmission" time="45.764"/>
  <system-out/>
</testsuite> <!-- icivics_testcases.I13_EducatorRegistration3_Test -->
