<?xml version="1.0" encoding="UTF-8"?>
<!-- Generated by org.testng.reporters.JUnitReportReporter -->
<testsuite hostname="AMX-RL-20-439-W" failures="0" tests="1" name="com.Enfamil.Ca.testcases.SCE1_Login_Logout" time="40.525" errors="0" timestamp="16 Sep 2021 07:03:29 GMT" skipped="0">
  <testcase classname="com.Enfamil.Ca.testcases.SCE1_Login_Logout" name="ClickLogin" time="40.525"/>
</testsuite> <!-- com.Enfamil.Ca.testcases.SCE1_Login_Logout -->
