<?xml version="1.0" encoding="UTF-8"?>
<!-- Generated by org.testng.reporters.JUnitReportReporter -->
<testsuite hostname="AMX-RL-20-348-W" failures="0" tests="6" name="icivics_testcases.Icivics1_EducatorRegistration_Test" time="262.342" errors="0" timestamp="2022-07-05T21:21:19 IST" skipped="0">
  <testcase classname="icivics_testcases.Icivics1_EducatorRegistration_Test" name="C321_VerifyallpageElements" time="17.637"/>
  <system-out/>
  <testcase classname="icivics_testcases.Icivics1_EducatorRegistration_Test" name="C322_ButtonHover" time="27.204"/>
  <system-out/>
  <testcase classname="icivics_testcases.Icivics1_EducatorRegistration_Test" name="C323_Verifyallbuttonlinks" time="189.957"/>
  <system-out/>
  <testcase classname="icivics_testcases.Icivics1_EducatorRegistration_Test" name="C324_WindowResize" time="13.840"/>
  <system-out/>
  <testcase classname="icivics_testcases.Icivics1_EducatorRegistration_Test" name="C325_Verifyerrormsg" time="6.523"/>
  <system-out/>
  <testcase classname="icivics_testcases.Icivics1_EducatorRegistration_Test" name="C326_Verifybreadcrumbs" time="7.181"/>
  <system-out/>
</testsuite> <!-- icivics_testcases.Icivics1_EducatorRegistration_Test -->
