<?xml version="1.0" encoding="UTF-8"?>
<!-- Generated by org.testng.reporters.JUnitReportReporter -->
<testsuite hostname="AMX-RL-20-457-W" failures="0" tests="9" name="icivics_testcases.I37_HP_5HeaderSigninMisc_Test" time="706.864" errors="0" timestamp="2022-07-08T17:47:32 IST" skipped="0">
  <testcase classname="icivics_testcases.I37_HP_5HeaderSigninMisc_Test" name="C29_Verifydonatebutton" time="65.200"/>
  <system-out/>
  <testcase classname="icivics_testcases.I37_HP_5HeaderSigninMisc_Test" name="C30_Verifydonatebuttonclick" time="120.315"/>
  <system-out/>
  <testcase classname="icivics_testcases.I37_HP_5HeaderSigninMisc_Test" name="C31_Verifyshopbutton" time="34.101"/>
  <system-out/>
  <testcase classname="icivics_testcases.I37_HP_5HeaderSigninMisc_Test" name="C32_Verifyshopbuttonclick" time="66.816"/>
  <system-out/>
  <testcase classname="icivics_testcases.I37_HP_5HeaderSigninMisc_Test" name="C33_Verifysigninbuttonforanonymoususer" time="55.281"/>
  <system-out/>
  <testcase classname="icivics_testcases.I37_HP_5HeaderSigninMisc_Test" name="C37_Verifysigninbuttonsubmenu" time="45.827"/>
  <system-out/>
  <testcase classname="icivics_testcases.I37_HP_5HeaderSigninMisc_Test" name="C38_Verifysigninbuttonsubmenu" time="116.350"/>
  <system-out/>
  <testcase classname="icivics_testcases.I37_HP_5HeaderSigninMisc_Test" name="C41_Verifysubmenuoptionisunderlined" time="158.686"/>
  <system-out/>
  <testcase classname="icivics_testcases.I37_HP_5HeaderSigninMisc_Test" name="C42_Verifysubmenuoptionisunderlined" time="44.288"/>
  <system-out/>
</testsuite> <!-- icivics_testcases.I37_HP_5HeaderSigninMisc_Test -->
