<?xml version="1.0" encoding="UTF-8"?>
<!-- Generated by org.testng.reporters.JUnitReportReporter -->
<testsuite skipped="0" hostname="AMX-RL-20-348-W" name="icivics_testcases.I32_HP_2Headerplay_Test" tests="5" failures="0" timestamp="2022-07-08T01:34:04 IST" time="469.612" errors="0">
  <testcase name="C8_Verifyplaysubmenu" time="7.652" classname="icivics_testcases.I32_HP_2Headerplay_Test"/>
  <system-out/>
  <testcase name="C9_Verifyplaybuttonlist" time="16.826" classname="icivics_testcases.I32_HP_2Headerplay_Test"/>
  <system-out/>
  <testcase name="C10_Verifyplaybuttonelements" time="158.296" classname="icivics_testcases.I32_HP_2Headerplay_Test"/>
  <system-out/>
  <testcase name="C12_Verifypageisunderlined" time="278.621" classname="icivics_testcases.I32_HP_2Headerplay_Test"/>
  <system-out/>
  <testcase name="C13_Verifyclickonplaybuttonagain" time="8.217" classname="icivics_testcases.I32_HP_2Headerplay_Test"/>
  <system-out/>
</testsuite> <!-- icivics_testcases.I32_HP_2Headerplay_Test -->
