<?xml version="1.0" encoding="UTF-8"?>
<!-- Generated by org.testng.reporters.JUnitReportReporter -->
<testsuite hostname="AMX-RL-20-457-W" failures="0" tests="1" name="icivics_testcases.Pg2TeacherRegistration_Test" time="87.303" errors="0" timestamp="2022-07-21T22:07:58 IST" skipped="0">
  <testcase classname="icivics_testcases.Pg2TeacherRegistration_Test" name="C547_Verifyfieldselection" time="87.303"/>
  <system-out/>
</testsuite> <!-- icivics_testcases.Pg2TeacherRegistration_Test -->
