<?xml version="1.0" encoding="UTF-8"?>
<!-- Generated by org.testng.reporters.JUnitReportReporter -->
<testsuite skipped="0" hostname="AMX-RL-20-608-W" name="enfamil.testcases.Enrollment_Test" tests="5" failures="0" timestamp="14 Mar 2022 10:53:44 GMT" time="211.135" errors="0">
  <testcase name="Enrollment" time="39.616" classname="enfamil.testcases.Enrollment_Test"/>
  <testcase name="Enrollment" time="47.554" classname="enfamil.testcases.Enrollment_Test"/>
  <testcase name="Enrollment" time="39.398" classname="enfamil.testcases.Enrollment_Test"/>
  <testcase name="Enrollment" time="42.593" classname="enfamil.testcases.Enrollment_Test"/>
  <testcase name="Enrollment" time="41.974" classname="enfamil.testcases.Enrollment_Test"/>
</testsuite> <!-- enfamil.testcases.Enrollment_Test -->
