<?xml version="1.0" encoding="UTF-8"?>
<!-- Generated by org.testng.reporters.JUnitReportReporter -->
<testsuite hostname="AMX-RL-20-457-W" failures="0" tests="1" name="testcases.Icivics_EducatorRegistration4_Test" time="95.598" errors="0" timestamp="04 May 2022 14:22:19 GMT" skipped="0">
  <testcase classname="testcases.Icivics_EducatorRegistration4_Test" name="educatorregistration4" time="95.598"/>
</testsuite> <!-- testcases.Icivics_EducatorRegistration4_Test -->
