<?xml version="1.0" encoding="UTF-8"?>
<!-- Generated by org.testng.reporters.JUnitReportReporter -->
<testsuite hostname="AMX-RL-20-348-W" failures="0" tests="2" name="icivics_testcases.I14_EducatorRegistration4_Test" time="52.045" errors="0" timestamp="2022-07-07T18:45:51 IST" skipped="0">
  <testcase classname="icivics_testcases.I14_EducatorRegistration4_Test" name="C364_verifyallfieldasterisk" time="27.380"/>
  <system-out/>
  <testcase classname="icivics_testcases.I14_EducatorRegistration4_Test" name="C369_verifyallfieldswithblankdata" time="24.665"/>
  <system-out/>
</testsuite> <!-- icivics_testcases.I14_EducatorRegistration4_Test -->
