<?xml version="1.0" encoding="UTF-8"?>
<!-- Generated by org.testng.reporters.JUnitReportReporter -->
<testsuite hostname="AMX-RL-20-439-W" failures="0" tests="1" name="com.ameexrb.testcases.RB001_LoginLogOut" time="21.384" errors="0" timestamp="14 Sep 2021 15:10:54 GMT" skipped="0">
  <testcase classname="com.ameexrb.testcases.RB001_LoginLogOut" name="ClickLogin" time="21.384"/>
</testsuite> <!-- com.ameexrb.testcases.RB001_LoginLogOut -->
