<?xml version="1.0" encoding="UTF-8"?>
<!-- Generated by org.testng.reporters.JUnitReportReporter -->
<testsuite hostname="AMX-RL-20-348-W" failures="0" tests="12" name="icivics_testcases.I36_HP_5HeaderMyicivicsMisc_Test" time="214.648" errors="0" timestamp="2022-07-07T18:40:07 IST" skipped="0">
  <testcase classname="icivics_testcases.I36_HP_5HeaderMyicivicsMisc_Test" name="C29_Verifydonatebutton" time="10.028"/>
  <system-out/>
  <testcase classname="icivics_testcases.I36_HP_5HeaderMyicivicsMisc_Test" name="C30_Verifydonatebuttonclick" time="22.771"/>
  <system-out/>
  <testcase classname="icivics_testcases.I36_HP_5HeaderMyicivicsMisc_Test" name="C31_Verifyshopbutton" time="11.976"/>
  <system-out/>
  <testcase classname="icivics_testcases.I36_HP_5HeaderMyicivicsMisc_Test" name="C32_Verifyshopbuttonclick" time="16.083"/>
  <system-out/>
  <testcase classname="icivics_testcases.I36_HP_5HeaderMyicivicsMisc_Test" name="C34_VerifyIcivicsbutton" time="10.043"/>
  <system-out/>
  <testcase classname="icivics_testcases.I36_HP_5HeaderMyicivicsMisc_Test" name="C35_Verifytheavatar" time="12.456"/>
  <system-out/>
  <testcase classname="icivics_testcases.I36_HP_5HeaderMyicivicsMisc_Test" name="C35_Verifythenoavatar" time="10.756"/>
  <system-out/>
  <testcase classname="icivics_testcases.I36_HP_5HeaderMyicivicsMisc_Test" name="C36_VerifyIcivicssubmenu" time="13.378"/>
  <system-out/>
  <testcase classname="icivics_testcases.I36_HP_5HeaderMyicivicsMisc_Test" name="C37_VerifyIcivicssubmenu" time="11.555"/>
  <system-out/>
  <testcase classname="icivics_testcases.I36_HP_5HeaderMyicivicsMisc_Test" name="C39_Myicivicsbuttonelementsverification" time="32.752"/>
  <system-out/>
  <testcase classname="icivics_testcases.I36_HP_5HeaderMyicivicsMisc_Test" name="C41_verifyselectpageisunderlined" time="52.047"/>
  <system-out/>
  <testcase classname="icivics_testcases.I36_HP_5HeaderMyicivicsMisc_Test" name="C42_Verifymyicivicsbuttonsubmenuclose" time="10.803"/>
  <system-out/>
</testsuite> <!-- icivics_testcases.I36_HP_5HeaderMyicivicsMisc_Test -->
