<?xml version="1.0" encoding="UTF-8"?>
<!-- Generated by org.testng.reporters.JUnitReportReporter -->
<testsuite hostname="AMX-RL-20-348-W" failures="0" tests="6" name="icivics_testcases.I31_HP_1TeacherHeader_Test" time="376.213" errors="0" timestamp="2022-07-07T18:40:07 IST" skipped="0">
  <testcase classname="icivics_testcases.I31_HP_1TeacherHeader_Test" name="C3_Verifyheaderbuttonsforanonymoususer" time="11.132"/>
  <system-out/>
  <testcase classname="icivics_testcases.I31_HP_1TeacherHeader_Test" name="C3_Verifyheaderbuttonsforauthenticateduser" time="15.023"/>
  <system-out/>
  <testcase classname="icivics_testcases.I31_HP_1TeacherHeader_Test" name="C4_Verifyheaderelemets" time="158.396"/>
  <system-out/>
  <testcase classname="icivics_testcases.I31_HP_1TeacherHeader_Test" name="C6_Verifyheaderbuttonhoverforanonymoususer" time="87.354"/>
  <system-out/>
  <testcase classname="icivics_testcases.I31_HP_1TeacherHeader_Test" name="C6_verifyaheaderbuttonhoverforauthenticateduser" time="70.447"/>
  <system-out/>
  <testcase classname="icivics_testcases.I31_HP_1TeacherHeader_Test" name="C7_verifyresizeheaderintohamburger" time="33.861"/>
  <system-out/>
</testsuite> <!-- icivics_testcases.I31_HP_1TeacherHeader_Test -->
