<?xml version="1.0" encoding="UTF-8"?>
<!-- Generated by org.testng.reporters.JUnitReportReporter -->
<testsuite hostname="AMX-RL-20-348-W" failures="0" tests="11" name="icivics_testcases.Icivics2_EducatorRegistration1_Test" time="127.412" errors="0" timestamp="2022-07-05T21:21:19 IST" skipped="0">
  <testcase classname="icivics_testcases.Icivics2_EducatorRegistration1_Test" name="C327_verifybreadcrumbspage1" time="4.065"/>
  <system-out/>
  <testcase classname="icivics_testcases.Icivics2_EducatorRegistration1_Test" name="C328_verifytextfields" time="5.494"/>
  <system-out/>
  <testcase classname="icivics_testcases.Icivics2_EducatorRegistration1_Test" name="C329_verifyusernamepregenerated" time="10.192"/>
  <system-out/>
  <testcase classname="icivics_testcases.Icivics2_EducatorRegistration1_Test" name="C330_verifyusernamepregeneratedrandomly" time="15.773"/>
  <system-out/>
  <testcase classname="icivics_testcases.Icivics2_EducatorRegistration1_Test" name="C331_verifyentertextinallfields" time="5.130"/>
  <system-out/>
  <testcase classname="icivics_testcases.Icivics2_EducatorRegistration1_Test" name="C332_verifyfieldsmarkedwithanasterisk" time="4.498"/>
  <system-out/>
  <testcase classname="icivics_testcases.Icivics2_EducatorRegistration1_Test" name="C333_verifyemailtooltips" time="4.822"/>
  <system-out/>
  <testcase classname="icivics_testcases.Icivics2_EducatorRegistration1_Test" name="C334_verifyemailerrormsg" time="11.969"/>
  <system-out/>
  <testcase classname="icivics_testcases.Icivics2_EducatorRegistration1_Test" name="C335_verifyblankerrormsg" time="37.879"/>
  <system-out/>
  <testcase classname="icivics_testcases.Icivics2_EducatorRegistration1_Test" name="C336_verifyinvaliderrormsg" time="10.924"/>
  <system-out/>
  <testcase classname="icivics_testcases.Icivics2_EducatorRegistration1_Test" name="C337_verifyvalidregistration" time="16.666"/>
  <system-out/>
</testsuite> <!-- icivics_testcases.Icivics2_EducatorRegistration1_Test -->
