<?xml version="1.0" encoding="UTF-8"?>
<!-- Generated by org.testng.reporters.JUnitReportReporter -->
<testsuite hostname="AMX-RL-20-457-W" failures="0" tests="6" name="icivics_testcases.I24_StudentRegistration3classcode_Test" time="348.337" errors="0" timestamp="2022-07-08T17:47:32 IST" skipped="0">
  <testcase classname="icivics_testcases.I24_StudentRegistration3classcode_Test" name="C454_verifypagecount3" time="39.005"/>
  <system-out/>
  <testcase classname="icivics_testcases.I24_StudentRegistration3classcode_Test" name="C455_verifyusernamegenerateddisplay" time="35.975"/>
  <system-out/>
  <testcase classname="icivics_testcases.I24_StudentRegistration3classcode_Test" name="C456_verifyusernametextddisplay" time="35.082"/>
  <system-out/>
  <testcase classname="icivics_testcases.I24_StudentRegistration3classcode_Test" name="C457_verifyemailddisplay" time="55.526"/>
  <system-out/>
  <testcase classname="icivics_testcases.I24_StudentRegistration3classcode_Test" name="C458_verifyemailtextddisplay" time="71.561"/>
  <system-out/>
  <testcase classname="icivics_testcases.I24_StudentRegistration3classcode_Test" name="C459_clickcontinuetomyassignmentbutton" time="111.188"/>
  <system-out/>
</testsuite> <!-- icivics_testcases.I24_StudentRegistration3classcode_Test -->
