<?xml version="1.0" encoding="UTF-8"?>
<!-- Generated by org.testng.reporters.JUnitReportReporter -->
<testsuite skipped="2" hostname="AMX-RL-20-348-W" name="icivics_testcases.I14_EducatorRegistration4_Test" tests="16" failures="0" timestamp="2022-07-08T01:34:04 IST" time="610.684" errors="0">
  <testcase name="C358_verifybreadcrumbspage4" time="48.823" classname="icivics_testcases.I14_EducatorRegistration4_Test"/>
  <system-out/>
  <testcase name="C359_verifypreviouspage" time="40.203" classname="icivics_testcases.I14_EducatorRegistration4_Test">
    <skipped/>
  </testcase> <!-- C359_verifypreviouspage -->
  <system-out/>
  <testcase name="C359_verifypreviouspage" time="38.915" classname="icivics_testcases.I14_EducatorRegistration4_Test"/>
  <system-out/>
  <testcase name="C360_verifyalldataremembered" time="38.032" classname="icivics_testcases.I14_EducatorRegistration4_Test"/>
  <system-out/>
  <testcase name="C361_verifyallpage3fields" time="41.499" classname="icivics_testcases.I14_EducatorRegistration4_Test"/>
  <system-out/>
  <testcase name="C362_verifySignUpischecked" time="38.193" classname="icivics_testcases.I14_EducatorRegistration4_Test"/>
  <system-out/>
  <testcase name="C363_verifyallpage4fields" time="57.554" classname="icivics_testcases.I14_EducatorRegistration4_Test"/>
  <system-out/>
  <testcase name="C364_verifyallfieldasterisk" time="31.377" classname="icivics_testcases.I14_EducatorRegistration4_Test"/>
  <system-out/>
  <testcase name="C365_verifypasswordtooltips" time="32.932" classname="icivics_testcases.I14_EducatorRegistration4_Test"/>
  <system-out/>
  <testcase name="C366_verifypasswordstrengthIndicator" time="39.493" classname="icivics_testcases.I14_EducatorRegistration4_Test"/>
  <system-out/>
  <testcase name="C366_verifypasswordstrengthIndicator" time="11.676" classname="icivics_testcases.I14_EducatorRegistration4_Test">
    <skipped/>
  </testcase> <!-- C366_verifypasswordstrengthIndicator -->
  <system-out/>
  <testcase name="C367_verifypasswordIndicatormatch" time="31.724" classname="icivics_testcases.I14_EducatorRegistration4_Test"/>
  <system-out/>
  <testcase name="C368_verifyallfieldswithinvaliddata" time="37.804" classname="icivics_testcases.I14_EducatorRegistration4_Test"/>
  <system-out/>
  <testcase name="C369_verifyallfieldswithblankdata" time="42.146" classname="icivics_testcases.I14_EducatorRegistration4_Test"/>
  <system-out/>
  <testcase name="C370_verifyallfieldswithblankandinvaliddata" time="36.742" classname="icivics_testcases.I14_EducatorRegistration4_Test"/>
  <system-out/>
  <testcase name="C371_verifyvalidsubmission" time="43.571" classname="icivics_testcases.I14_EducatorRegistration4_Test"/>
  <system-out/>
</testsuite> <!-- icivics_testcases.I14_EducatorRegistration4_Test -->
