<?xml version="1.0" encoding="UTF-8"?>
<!-- Generated by org.testng.reporters.JUnitReportReporter -->
<testsuite skipped="0" hostname="AMX-RL-20-348-W" name="icivics_testcases.I15_EducatorRegistration5_Test" tests="6" failures="0" timestamp="2022-07-08T01:34:04 IST" time="240.033" errors="0">
  <testcase name="C372_verifybreadcrumbspage5" time="33.748" classname="icivics_testcases.I15_EducatorRegistration5_Test"/>
  <system-out/>
  <testcase name="C373_verifywelcomemessage" time="42.314" classname="icivics_testcases.I15_EducatorRegistration5_Test"/>
  <system-out/>
  <testcase name="C374_verifyconfirmationemail" time="36.820" classname="icivics_testcases.I15_EducatorRegistration5_Test"/>
  <system-out/>
  <testcase name="C375_verifyconfirmationemail" time="34.471" classname="icivics_testcases.I15_EducatorRegistration5_Test"/>
  <system-out/>
  <testcase name="C376_verifyresendbutton" time="48.423" classname="icivics_testcases.I15_EducatorRegistration5_Test"/>
  <system-out/>
  <testcase name="C377_verifynotification" time="44.257" classname="icivics_testcases.I15_EducatorRegistration5_Test"/>
  <system-out/>
</testsuite> <!-- icivics_testcases.I15_EducatorRegistration5_Test -->
