<?xml version="1.0" encoding="UTF-8"?>
<!-- Generated by org.testng.reporters.JUnitReportReporter -->
<testsuite hostname="AMX-RL-20-439-W" failures="0" tests="1" name="enfamil.testcases.LN_SCE1_001_Login_Logout" time="8.619" errors="0" timestamp="03 Mar 2022 07:32:34 GMT" skipped="0">
  <testcase classname="enfamil.testcases.LN_SCE1_001_Login_Logout" name="ClickLogin" time="8.619"/>
</testsuite> <!-- enfamil.testcases.LN_SCE1_001_Login_Logout -->
