<?xml version="1.0" encoding="UTF-8"?>
<!-- Generated by org.testng.reporters.JUnitReportReporter -->
<testsuite skipped="1" hostname="AMX-RL-20-348-W" name="icivics_testcases.I22_StudentRegistration2classcode_Test" tests="14" failures="0" timestamp="2022-07-08T01:34:04 IST" time="341.706" errors="0">
  <testcase name="C398_verifypagecount2" time="18.179" classname="icivics_testcases.I22_StudentRegistration2classcode_Test"/>
  <system-out/>
  <testcase name="C399_Clickbackbutton" time="20.828" classname="icivics_testcases.I22_StudentRegistration2classcode_Test"/>
  <system-out/>
  <testcase name="C400_verifyfieldsisremembered" time="27.625" classname="icivics_testcases.I22_StudentRegistration2classcode_Test"/>
  <system-out/>
  <testcase name="C403_clickontermsofuselink" time="31.392" classname="icivics_testcases.I22_StudentRegistration2classcode_Test"/>
  <system-out/>
  <testcase name="C404_clickprivacypolicy" time="28.473" classname="icivics_testcases.I22_StudentRegistration2classcode_Test"/>
  <system-out/>
  <testcase name="C405_verifypage2SignUpforEmailsfield" time="20.884" classname="icivics_testcases.I22_StudentRegistration2classcode_Test"/>
  <system-out/>
  <testcase name="C408_hoveronpwdfield" time="19.458" classname="icivics_testcases.I22_StudentRegistration2classcode_Test"/>
  <system-out/>
  <testcase name="C409_VerifyPasswordstrengthmeter" time="27.160" classname="icivics_testcases.I22_StudentRegistration2classcode_Test"/>
  <system-out/>
  <testcase name="C410_VerifyPasswordindicatormatch" time="27.366" classname="icivics_testcases.I22_StudentRegistration2classcode_Test"/>
  <system-out/>
  <testcase name="C412_verifyenterinvaliddata" time="36.927" classname="icivics_testcases.I22_StudentRegistration2classcode_Test"/>
  <system-out/>
  <testcase name="C412_verifytermsofuseandprivacycheckbox" time="20.202" classname="icivics_testcases.I22_StudentRegistration2classcode_Test"/>
  <system-out/>
  <testcase name="C412_verifytermsofuseandprivacycheckbox" time="11.915" classname="icivics_testcases.I22_StudentRegistration2classcode_Test">
    <skipped/>
  </testcase> <!-- C412_verifytermsofuseandprivacycheckbox -->
  <system-out/>
  <testcase name="C413_verifyblankerrormsg" time="22.129" classname="icivics_testcases.I22_StudentRegistration2classcode_Test"/>
  <system-out/>
  <testcase name="C414_verifypage3loaded" time="29.168" classname="icivics_testcases.I22_StudentRegistration2classcode_Test"/>
  <system-out/>
</testsuite> <!-- icivics_testcases.I22_StudentRegistration2classcode_Test -->
