<?xml version="1.0" encoding="UTF-8"?>
<!-- Generated by org.testng.reporters.JUnitReportReporter -->
<testsuite hostname="AMX-RL-20-457-W" failures="0" tests="1" name="icivics_testcases.Googlesignon_Test" time="15.801" errors="0" timestamp="2022-07-19T22:01:16 IST" skipped="0">
  <testcase classname="icivics_testcases.Googlesignon_Test" name="C539_Verifygooglesiginpage" time="15.801"/>
  <system-out/>
</testsuite> <!-- icivics_testcases.Googlesignon_Test -->
