<?xml version="1.0" encoding="UTF-8"?>
<!-- Generated by org.testng.reporters.JUnitReportReporter -->
<testsuite hostname="AMX-RL-20-457-W" failures="0" tests="12" name="icivics_testcases.Icivics_HomepageHeaderMyicivicsMisc_Test" time="565.530" errors="0" timestamp="2022-06-28T21:14:14 IST" skipped="0">
  <testcase classname="icivics_testcases.Icivics_HomepageHeaderMyicivicsMisc_Test" name="C29_Verifydonatebutton" time="9.119"/>
  <system-out/>
  <testcase classname="icivics_testcases.Icivics_HomepageHeaderMyicivicsMisc_Test" name="C30_Verifydonatebuttonclick" time="27.918"/>
  <system-out/>
  <testcase classname="icivics_testcases.Icivics_HomepageHeaderMyicivicsMisc_Test" name="C31_Verifyshopbutton" time="9.369"/>
  <system-out/>
  <testcase classname="icivics_testcases.Icivics_HomepageHeaderMyicivicsMisc_Test" name="C32_Verifyshopbuttonclick" time="12.140"/>
  <system-out/>
  <testcase classname="icivics_testcases.Icivics_HomepageHeaderMyicivicsMisc_Test" name="C34_VerifyIcivicsbutton" time="29.042"/>
  <system-out/>
  <testcase classname="icivics_testcases.Icivics_HomepageHeaderMyicivicsMisc_Test" name="C35_Verifytheavatar" time="33.088"/>
  <system-out/>
  <testcase classname="icivics_testcases.Icivics_HomepageHeaderMyicivicsMisc_Test" name="C35_Verifythenoavatar" time="32.572"/>
  <system-out/>
  <testcase classname="icivics_testcases.Icivics_HomepageHeaderMyicivicsMisc_Test" name="C36_VerifyIcivicssubmenu" time="32.545"/>
  <system-out/>
  <testcase classname="icivics_testcases.Icivics_HomepageHeaderMyicivicsMisc_Test" name="C37_VerifyIcivicssubmenu" time="31.270"/>
  <system-out/>
  <testcase classname="icivics_testcases.Icivics_HomepageHeaderMyicivicsMisc_Test" name="C39_Myicivicsbuttonelementsverification" time="176.285"/>
  <system-out/>
  <testcase classname="icivics_testcases.Icivics_HomepageHeaderMyicivicsMisc_Test" name="C41_verifyselectpageisunderlined" time="139.844"/>
  <system-out/>
  <testcase classname="icivics_testcases.Icivics_HomepageHeaderMyicivicsMisc_Test" name="C42_Verifymyicivicsbuttonsubmenuclose" time="32.338"/>
  <system-out/>
</testsuite> <!-- icivics_testcases.Icivics_HomepageHeaderMyicivicsMisc_Test -->
