<?xml version="1.0" encoding="UTF-8"?>
<!-- Generated by org.testng.reporters.JUnitReportReporter -->
<testsuite skipped="2" hostname="AMX-RL-20-348-W" name="icivics_testcases.I13_EducatorRegistration3_Test" tests="9" failures="0" timestamp="2022-07-08T01:34:04 IST" time="293.582" errors="0">
  <testcase name="C348_verifybreadcrumbspage3" time="30.742" classname="icivics_testcases.I13_EducatorRegistration3_Test"/>
  <system-out/>
  <testcase name="C349_verifypreviouspage" time="33.023" classname="icivics_testcases.I13_EducatorRegistration3_Test"/>
  <system-out/>
  <testcase name="C350_verifyalldataremembered" time="36.858" classname="icivics_testcases.I13_EducatorRegistration3_Test"/>
  <system-out/>
  <testcase name="C351_verifyallpage3fields" time="41.876" classname="icivics_testcases.I13_EducatorRegistration3_Test"/>
  <system-out/>
  <testcase name="C351_verifyallpage3fields" time="11.056" classname="icivics_testcases.I13_EducatorRegistration3_Test">
    <skipped/>
  </testcase> <!-- C351_verifyallpage3fields -->
  <system-out/>
  <testcase name="C352_verifyallfieldsallowtoentertextandmakeselection" time="59.546" classname="icivics_testcases.I13_EducatorRegistration3_Test"/>
  <system-out/>
  <testcase name="C354_verifyallfieldswithinvaliddata" time="40.521" classname="icivics_testcases.I13_EducatorRegistration3_Test"/>
  <system-out/>
  <testcase name="C355_verifyallfieldswithblankfield" time="6.635" classname="icivics_testcases.I13_EducatorRegistration3_Test">
    <skipped/>
  </testcase> <!-- C355_verifyallfieldswithblankfield -->
  <system-out/>
  <testcase name="C357_verifyvalidsubmission" time="33.325" classname="icivics_testcases.I13_EducatorRegistration3_Test"/>
  <system-out/>
</testsuite> <!-- icivics_testcases.I13_EducatorRegistration3_Test -->
