<?xml version="1.0" encoding="UTF-8"?>
<!-- Generated by org.testng.reporters.JUnitReportReporter -->
<testsuite hostname="ATVenkat" failures="0" tests="2" name="com.ameexrb.testcases.TC003_CreateLead" time="42.014" errors="0" timestamp="08 Sep 2021 07:35:54 GMT" skipped="0">
  <testcase classname="com.ameexrb.testcases.TC003_CreateLead" name="createLead" time="20.773"/>
  <testcase classname="com.ameexrb.testcases.TC003_CreateLead" name="createLead" time="21.241"/>
</testsuite> <!-- com.ameexrb.testcases.TC003_CreateLead -->
