<?xml version="1.0" encoding="UTF-8"?>
<!-- Generated by org.testng.reporters.JUnitReportReporter -->
<testsuite hostname="AMX-RL-20-457-W" failures="0" tests="4" name="icivics_testcases.I33_HP_3HeaderTeach_Test" time="466.363" errors="0" timestamp="2022-07-08T17:47:32 IST" skipped="0">
  <testcase classname="icivics_testcases.I33_HP_3HeaderTeach_Test" name="C15_Verifyteachsubmenu" time="28.918"/>
  <system-out/>
  <testcase classname="icivics_testcases.I33_HP_3HeaderTeach_Test" name="C16_Verifysubmenucount" time="19.690"/>
  <system-out/>
  <testcase classname="icivics_testcases.I33_HP_3HeaderTeach_Test" name="C17_Verifyteachbuttonelements" time="383.413"/>
  <system-out/>
  <testcase classname="icivics_testcases.I33_HP_3HeaderTeach_Test" name="C20_verifyclickteachbuttonagain" time="34.342"/>
  <system-out/>
</testsuite> <!-- icivics_testcases.I33_HP_3HeaderTeach_Test -->
