<?xml version="1.0" encoding="UTF-8"?>
<!-- Generated by org.testng.reporters.JUnitReportReporter -->
<testsuite hostname="AMX-RL-20-608-W" failures="0" tests="1" name="icivics_testcases.Icivics_StudentRegistration1_Test" time="10.254" errors="0" timestamp="2022-05-20T21:50:07 IST" skipped="0">
  <testcase classname="icivics_testcases.Icivics_StudentRegistration1_Test" name="C397_Verifyclasscodelink" time="10.254"/>
  <system-out/>
</testsuite> <!-- icivics_testcases.Icivics_StudentRegistration1_Test -->
