<?xml version="1.0" encoding="UTF-8"?>
<!-- Generated by org.testng.reporters.JUnitReportReporter -->
<testsuite hostname="AMX-RL-20-457-W" failures="0" tests="5" name="icivics_testcases.Icivics_HomepageHeaderplay_Test" time="793.328" errors="0" timestamp="2022-06-28T21:14:14 IST" skipped="0">
  <testcase classname="icivics_testcases.Icivics_HomepageHeaderplay_Test" name="C8_Verifyplaysubmenu" time="8.026"/>
  <system-out/>
  <testcase classname="icivics_testcases.Icivics_HomepageHeaderplay_Test" name="C9_Verifyplaybuttonlist" time="37.715"/>
  <system-out/>
  <testcase classname="icivics_testcases.Icivics_HomepageHeaderplay_Test" name="C10_Verifyplaybuttonelements" time="422.328"/>
  <system-out/>
  <testcase classname="icivics_testcases.Icivics_HomepageHeaderplay_Test" name="C12_Verifypageisunderlined" time="315.684"/>
  <system-out/>
  <testcase classname="icivics_testcases.Icivics_HomepageHeaderplay_Test" name="C13_Verifyclickonplaybuttonagain" time="9.575"/>
  <system-out/>
</testsuite> <!-- icivics_testcases.Icivics_HomepageHeaderplay_Test -->
