<?xml version="1.0" encoding="UTF-8"?>
<!-- Generated by org.testng.reporters.JUnitReportReporter -->
<testsuite hostname="AMX-RL-20-457-W" failures="0" tests="7" name="icivics_testcases.Pg2TeacherRegistration_Test" time="399.182" errors="0" timestamp="2022-07-20T22:11:53 IST" skipped="0">
  <testcase classname="icivics_testcases.Pg2TeacherRegistration_Test" name="C545_VerifyTeacherregistrationpage1" time="50.769"/>
  <system-out/>
  <testcase classname="icivics_testcases.Pg2TeacherRegistration_Test" name="C546_Verifypage2fields" time="59.479"/>
  <system-out/>
  <testcase classname="icivics_testcases.Pg2TeacherRegistration_Test" name="C546_Verifybackbutton" time="61.490"/>
  <system-out/>
  <testcase classname="icivics_testcases.Pg2TeacherRegistration_Test" name="C547_Verifyfieldselection" time="63.892"/>
  <system-out/>
  <testcase classname="icivics_testcases.Pg2TeacherRegistration_Test" name="C548_Verifyfieldswithinvaliddata" time="55.514"/>
  <system-out/>
  <testcase classname="icivics_testcases.Pg2TeacherRegistration_Test" name="C549_Verifyfieldswithinvaliddata" time="51.601"/>
  <system-out/>
  <testcase classname="icivics_testcases.Pg2TeacherRegistration_Test" name="C550_Verifyfieldswithinvaliddata" time="56.437"/>
  <system-out/>
</testsuite> <!-- icivics_testcases.Pg2TeacherRegistration_Test -->
