<?xml version="1.0" encoding="UTF-8"?>
<!-- Generated by org.testng.reporters.JUnitReportReporter -->
<testsuite hostname="AMX-RL-20-439-W" failures="0" tests="1" name="enfamil.testcases.SCE48_StoreLocator" time="18.938" errors="0" timestamp="01 Oct 2021 12:32:44 GMT" skipped="0">
  <testcase classname="enfamil.testcases.SCE48_StoreLocator" name="SCE48_Storelocator" time="18.938"/>
</testsuite> <!-- enfamil.testcases.SCE48_StoreLocator -->
