<?xml version="1.0" encoding="UTF-8"?>
<!-- Generated by org.testng.reporters.JUnitReportReporter -->
<testsuite hostname="AMX-RL-20-348-W" failures="0" tests="4" name="icivics_testcases.I30_HP_1Header_Test" time="51.114" errors="0" timestamp="2022-07-07T18:40:07 IST" skipped="0">
  <testcase classname="icivics_testcases.I30_HP_1Header_Test" name="C1_VerifyLogo" time="9.338"/>
  <system-out/>
  <testcase classname="icivics_testcases.I30_HP_1Header_Test" name="C2_VerifyHeaderbuttonforanonymoususer" time="15.448"/>
  <system-out/>
  <testcase classname="icivics_testcases.I30_HP_1Header_Test" name="C2_VerifyHeaderbuttonforauthenticateduser" time="16.200"/>
  <system-out/>
  <testcase classname="icivics_testcases.I30_HP_1Header_Test" name="C1538_Verifydonationpopup" time="10.128"/>
  <system-out/>
</testsuite> <!-- icivics_testcases.I30_HP_1Header_Test -->
