<?xml version="1.0" encoding="UTF-8"?>
<!-- Generated by org.testng.reporters.JUnitReportReporter -->
<testsuite skipped="1" hostname="AMX-RL-20-348-W" name="icivics_testcases.I25_StudentRegistration3Email_Test" tests="7" failures="0" timestamp="2022-07-08T01:34:04 IST" time="195.375" errors="0">
  <testcase name="C372_verifypagecount3" time="30.504" classname="icivics_testcases.I25_StudentRegistration3Email_Test"/>
  <system-out/>
  <testcase name="C373_verifycheckmsgdisplay" time="33.190" classname="icivics_testcases.I25_StudentRegistration3Email_Test"/>
  <system-out/>
  <testcase name="C374_verifycheckmsgdisplay" time="17.068" classname="icivics_testcases.I25_StudentRegistration3Email_Test">
    <skipped/>
  </testcase> <!-- C374_verifycheckmsgdisplay -->
  <system-out/>
  <testcase name="C374_verifycheckmsgdisplay" time="23.440" classname="icivics_testcases.I25_StudentRegistration3Email_Test"/>
  <system-out/>
  <testcase name="C377_verifyconfirmationemail" time="30.467" classname="icivics_testcases.I25_StudentRegistration3Email_Test"/>
  <system-out/>
  <testcase name="C376_verifyresendbutton" time="29.991" classname="icivics_testcases.I25_StudentRegistration3Email_Test"/>
  <system-out/>
  <testcase name="C375_verifyregisteredemaildisplay" time="30.715" classname="icivics_testcases.I25_StudentRegistration3Email_Test"/>
  <system-out/>
</testsuite> <!-- icivics_testcases.I25_StudentRegistration3Email_Test -->
